{"/home/algomorph/Workbench/CodeGrader/code_analysis/auxiliary_analytic_routines.js": {"path":"/home/algomorph/Workbench/CodeGrader/code_analysis/auxiliary_analytic_routines.js","statementMap":{"0":{"start":{"line":7,"column":0},"end":{"line":16,"column":1}},"1":{"start":{"line":8,"column":4},"end":{"line":13,"column":5}},"2":{"start":{"line":9,"column":8},"end":{"line":9,"column":62}},"3":{"start":{"line":10,"column":8},"end":{"line":10,"column":74}},"4":{"start":{"line":11,"column":32},"end":{"line":11,"column":78}},"5":{"start":{"line":12,"column":8},"end":{"line":12,"column":38}},"6":{"start":{"line":19,"column":0},"end":{"line":380,"column":24}},"7":{"start":{"line":27,"column":4},"end":{"line":35,"column":5}},"8":{"start":{"line":28,"column":8},"end":{"line":34,"column":9}},"9":{"start":{"line":30,"column":12},"end":{"line":30,"column":47}},"10":{"start":{"line":33,"column":12},"end":{"line":33,"column":54}},"11":{"start":{"line":46,"column":4},"end":{"line":53,"column":5}},"12":{"start":{"line":47,"column":8},"end":{"line":52,"column":9}},"13":{"start":{"line":48,"column":12},"end":{"line":49,"column":91}},"14":{"start":{"line":49,"column":16},"end":{"line":49,"column":72}},"15":{"start":{"line":51,"column":12},"end":{"line":51,"column":24}},"16":{"start":{"line":63,"column":4},"end":{"line":69,"column":5}},"17":{"start":{"line":64,"column":8},"end":{"line":68,"column":9}},"18":{"start":{"line":65,"column":12},"end":{"line":65,"column":31}},"19":{"start":{"line":67,"column":12},"end":{"line":67,"column":24}},"20":{"start":{"line":71,"column":38},"end":{"line":75,"column":64}},"21":{"start":{"line":80,"column":39},"end":{"line":83,"column":6}},"22":{"start":{"line":85,"column":4},"end":{"line":95,"column":5}},"23":{"start":{"line":86,"column":8},"end":{"line":88,"column":9}},"24":{"start":{"line":87,"column":12},"end":{"line":87,"column":159}},"25":{"start":{"line":89,"column":8},"end":{"line":93,"column":9}},"26":{"start":{"line":90,"column":12},"end":{"line":92,"column":13}},"27":{"start":{"line":91,"column":16},"end":{"line":91,"column":28}},"28":{"start":{"line":94,"column":8},"end":{"line":94,"column":21}},"29":{"start":{"line":104,"column":4},"end":{"line":112,"column":5}},"30":{"start":{"line":105,"column":8},"end":{"line":110,"column":9}},"31":{"start":{"line":105,"column":26},"end":{"line":105,"column":47}},"32":{"start":{"line":106,"column":24},"end":{"line":106,"column":42}},"33":{"start":{"line":107,"column":12},"end":{"line":109,"column":13}},"34":{"start":{"line":108,"column":16},"end":{"line":108,"column":52}},"35":{"start":{"line":111,"column":8},"end":{"line":111,"column":20}},"36":{"start":{"line":121,"column":4},"end":{"line":161,"column":5}},"37":{"start":{"line":122,"column":26},"end":{"line":122,"column":30}},"38":{"start":{"line":123,"column":8},"end":{"line":159,"column":9}},"39":{"start":{"line":125,"column":16},"end":{"line":125,"column":109}},"40":{"start":{"line":126,"column":16},"end":{"line":126,"column":22}},"41":{"start":{"line":128,"column":16},"end":{"line":128,"column":104}},"42":{"start":{"line":129,"column":16},"end":{"line":129,"column":22}},"43":{"start":{"line":133,"column":16},"end":{"line":133,"column":87}},"44":{"start":{"line":134,"column":16},"end":{"line":134,"column":22}},"45":{"start":{"line":136,"column":16},"end":{"line":136,"column":109}},"46":{"start":{"line":137,"column":16},"end":{"line":137,"column":22}},"47":{"start":{"line":139,"column":50},"end":{"line":139,"column":118}},"48":{"start":{"line":140,"column":16},"end":{"line":140,"column":120}},"49":{"start":{"line":142,"column":16},"end":{"line":142,"column":22}},"50":{"start":{"line":144,"column":16},"end":{"line":144,"column":102}},"51":{"start":{"line":145,"column":16},"end":{"line":145,"column":22}},"52":{"start":{"line":147,"column":16},"end":{"line":147,"column":119}},"53":{"start":{"line":156,"column":16},"end":{"line":156,"column":22}},"54":{"start":{"line":158,"column":16},"end":{"line":158,"column":22}},"55":{"start":{"line":160,"column":8},"end":{"line":160,"column":27}},"56":{"start":{"line":171,"column":4},"end":{"line":208,"column":5}},"57":{"start":{"line":172,"column":8},"end":{"line":206,"column":9}},"58":{"start":{"line":174,"column":16},"end":{"line":174,"column":32}},"59":{"start":{"line":176,"column":16},"end":{"line":176,"column":30}},"60":{"start":{"line":178,"column":16},"end":{"line":178,"column":30}},"61":{"start":{"line":181,"column":16},"end":{"line":181,"column":32}},"62":{"start":{"line":184,"column":16},"end":{"line":188,"column":17}},"63":{"start":{"line":185,"column":20},"end":{"line":185,"column":33}},"64":{"start":{"line":187,"column":20},"end":{"line":187,"column":36}},"65":{"start":{"line":191,"column":16},"end":{"line":191,"column":35}},"66":{"start":{"line":193,"column":50},"end":{"line":193,"column":111}},"67":{"start":{"line":194,"column":16},"end":{"line":194,"column":78}},"68":{"start":{"line":196,"column":36},"end":{"line":196,"column":98}},"69":{"start":{"line":197,"column":16},"end":{"line":199,"column":17}},"70":{"start":{"line":198,"column":20},"end":{"line":198,"column":48}},"71":{"start":{"line":200,"column":16},"end":{"line":200,"column":22}},"72":{"start":{"line":202,"column":16},"end":{"line":204,"column":17}},"73":{"start":{"line":203,"column":20},"end":{"line":203,"column":63}},"74":{"start":{"line":205,"column":16},"end":{"line":205,"column":22}},"75":{"start":{"line":207,"column":8},"end":{"line":207,"column":27}},"76":{"start":{"line":216,"column":4},"end":{"line":237,"column":5}},"77":{"start":{"line":220,"column":8},"end":{"line":229,"column":9}},"78":{"start":{"line":222,"column":16},"end":{"line":222,"column":91}},"79":{"start":{"line":223,"column":16},"end":{"line":223,"column":50}},"80":{"start":{"line":224,"column":16},"end":{"line":224,"column":22}},"81":{"start":{"line":226,"column":16},"end":{"line":226,"column":99}},"82":{"start":{"line":227,"column":16},"end":{"line":227,"column":52}},"83":{"start":{"line":228,"column":16},"end":{"line":228,"column":22}},"84":{"start":{"line":231,"column":8},"end":{"line":236,"column":9}},"85":{"start":{"line":232,"column":34},"end":{"line":232,"column":99}},"86":{"start":{"line":233,"column":12},"end":{"line":235,"column":13}},"87":{"start":{"line":234,"column":16},"end":{"line":234,"column":58}},"88":{"start":{"line":247,"column":4},"end":{"line":315,"column":5}},"89":{"start":{"line":249,"column":29},"end":{"line":249,"column":31}},"90":{"start":{"line":250,"column":25},"end":{"line":250,"column":29}},"91":{"start":{"line":252,"column":8},"end":{"line":313,"column":9}},"92":{"start":{"line":253,"column":38},"end":{"line":253,"column":117}},"93":{"start":{"line":255,"column":12},"end":{"line":310,"column":13}},"94":{"start":{"line":256,"column":16},"end":{"line":273,"column":17}},"95":{"start":{"line":257,"column":20},"end":{"line":257,"column":125}},"96":{"start":{"line":259,"column":20},"end":{"line":263,"column":21}},"97":{"start":{"line":260,"column":24},"end":{"line":262,"column":110}},"98":{"start":{"line":265,"column":43},"end":{"line":265,"column":158}},"99":{"start":{"line":266,"column":53},"end":{"line":266,"column":114}},"100":{"start":{"line":267,"column":20},"end":{"line":267,"column":101}},"101":{"start":{"line":268,"column":20},"end":{"line":272,"column":21}},"102":{"start":{"line":269,"column":24},"end":{"line":271,"column":110}},"103":{"start":{"line":277,"column":16},"end":{"line":281,"column":17}},"104":{"start":{"line":278,"column":20},"end":{"line":278,"column":61}},"105":{"start":{"line":280,"column":20},"end":{"line":280,"column":66}},"106":{"start":{"line":282,"column":16},"end":{"line":282,"column":41}},"107":{"start":{"line":283,"column":39},"end":{"line":283,"column":43}},"108":{"start":{"line":285,"column":16},"end":{"line":302,"column":43}},"109":{"start":{"line":286,"column":20},"end":{"line":301,"column":21}},"110":{"start":{"line":287,"column":48},"end":{"line":287,"column":78}},"111":{"start":{"line":288,"column":55},"end":{"line":288,"column":88}},"112":{"start":{"line":290,"column":24},"end":{"line":298,"column":25}},"113":{"start":{"line":292,"column":28},"end":{"line":292,"column":53}},"114":{"start":{"line":293,"column":28},"end":{"line":293,"column":53}},"115":{"start":{"line":294,"column":31},"end":{"line":298,"column":25}},"116":{"start":{"line":295,"column":28},"end":{"line":295,"column":96}},"117":{"start":{"line":297,"column":28},"end":{"line":297,"column":53}},"118":{"start":{"line":300,"column":24},"end":{"line":300,"column":49}},"119":{"start":{"line":303,"column":16},"end":{"line":305,"column":80}},"120":{"start":{"line":312,"column":12},"end":{"line":312,"column":76}},"121":{"start":{"line":314,"column":8},"end":{"line":314,"column":44}},"122":{"start":{"line":323,"column":4},"end":{"line":347,"column":5}},"123":{"start":{"line":324,"column":28},"end":{"line":324,"column":30}},"124":{"start":{"line":325,"column":8},"end":{"line":327,"column":9}},"125":{"start":{"line":326,"column":12},"end":{"line":326,"column":39}},"126":{"start":{"line":328,"column":8},"end":{"line":343,"column":9}},"127":{"start":{"line":330,"column":16},"end":{"line":330,"column":65}},"128":{"start":{"line":332,"column":16},"end":{"line":332,"column":67}},"129":{"start":{"line":334,"column":16},"end":{"line":336,"column":17}},"130":{"start":{"line":335,"column":20},"end":{"line":335,"column":95}},"131":{"start":{"line":337,"column":16},"end":{"line":337,"column":70}},"132":{"start":{"line":339,"column":16},"end":{"line":339,"column":71}},"133":{"start":{"line":341,"column":52},"end":{"line":341,"column":116}},"134":{"start":{"line":342,"column":16},"end":{"line":342,"column":58}},"135":{"start":{"line":344,"column":8},"end":{"line":344,"column":55}},"136":{"start":{"line":345,"column":8},"end":{"line":345,"column":30}},"137":{"start":{"line":346,"column":8},"end":{"line":346,"column":35}},"138":{"start":{"line":356,"column":4},"end":{"line":362,"column":5}},"139":{"start":{"line":357,"column":25},"end":{"line":357,"column":27}},"140":{"start":{"line":358,"column":8},"end":{"line":360,"column":9}},"141":{"start":{"line":359,"column":12},"end":{"line":359,"column":90}},"142":{"start":{"line":361,"column":8},"end":{"line":361,"column":35}},"143":{"start":{"line":370,"column":4},"end":{"line":378,"column":5}},"144":{"start":{"line":372,"column":8},"end":{"line":376,"column":9}},"145":{"start":{"line":373,"column":12},"end":{"line":375,"column":13}},"146":{"start":{"line":374,"column":16},"end":{"line":374,"column":42}},"147":{"start":{"line":377,"column":8},"end":{"line":377,"column":49}},"148":{"start":{"line":383,"column":0},"end":{"line":389,"column":1}},"149":{"start":{"line":384,"column":4},"end":{"line":386,"column":5}},"150":{"start":{"line":385,"column":8},"end":{"line":385,"column":39}}},"fnMap":{"0":{"name":"(anonymous_0)","decl":{"start":{"line":19,"column":1},"end":{"line":19,"column":2}},"loc":{"start":{"line":19,"column":13},"end":{"line":380,"column":1}},"line":19},"1":{"name":"(anonymous_1)","decl":{"start":{"line":27,"column":42},"end":{"line":27,"column":43}},"loc":{"start":{"line":27,"column":84},"end":{"line":35,"column":5}},"line":27},"2":{"name":"(anonymous_2)","decl":{"start":{"line":46,"column":36},"end":{"line":46,"column":37}},"loc":{"start":{"line":46,"column":67},"end":{"line":53,"column":5}},"line":46},"3":{"name":"(anonymous_3)","decl":{"start":{"line":48,"column":50},"end":{"line":48,"column":51}},"loc":{"start":{"line":49,"column":16},"end":{"line":49,"column":72}},"line":49},"4":{"name":"(anonymous_4)","decl":{"start":{"line":63,"column":38},"end":{"line":63,"column":39}},"loc":{"start":{"line":63,"column":69},"end":{"line":69,"column":5}},"line":63},"5":{"name":"(anonymous_5)","decl":{"start":{"line":85,"column":26},"end":{"line":85,"column":27}},"loc":{"start":{"line":85,"column":45},"end":{"line":95,"column":5}},"line":85},"6":{"name":"(anonymous_6)","decl":{"start":{"line":104,"column":39},"end":{"line":104,"column":40}},"loc":{"start":{"line":104,"column":67},"end":{"line":112,"column":5}},"line":104},"7":{"name":"(anonymous_7)","decl":{"start":{"line":121,"column":27},"end":{"line":121,"column":28}},"loc":{"start":{"line":121,"column":77},"end":{"line":161,"column":5}},"line":121},"8":{"name":"(anonymous_8)","decl":{"start":{"line":171,"column":33},"end":{"line":171,"column":34}},"loc":{"start":{"line":171,"column":85},"end":{"line":208,"column":5}},"line":171},"9":{"name":"(anonymous_9)","decl":{"start":{"line":216,"column":32},"end":{"line":216,"column":33}},"loc":{"start":{"line":216,"column":77},"end":{"line":237,"column":5}},"line":216},"10":{"name":"(anonymous_10)","decl":{"start":{"line":247,"column":54},"end":{"line":247,"column":55}},"loc":{"start":{"line":248,"column":79},"end":{"line":315,"column":5}},"line":248},"11":{"name":"(anonymous_11)","decl":{"start":{"line":323,"column":47},"end":{"line":323,"column":48}},"loc":{"start":{"line":323,"column":67},"end":{"line":347,"column":5}},"line":323},"12":{"name":"(anonymous_12)","decl":{"start":{"line":356,"column":37},"end":{"line":356,"column":38}},"loc":{"start":{"line":356,"column":99},"end":{"line":362,"column":5}},"line":356},"13":{"name":"(anonymous_13)","decl":{"start":{"line":370,"column":44},"end":{"line":370,"column":45}},"loc":{"start":{"line":370,"column":66},"end":{"line":378,"column":5}},"line":370}},"branchMap":{"0":{"loc":{"start":{"line":8,"column":4},"end":{"line":13,"column":5}},"type":"if","locations":[{"start":{"line":8,"column":4},"end":{"line":13,"column":5}},{"start":{"line":8,"column":4},"end":{"line":13,"column":5}}],"line":8},"1":{"loc":{"start":{"line":28,"column":8},"end":{"line":34,"column":9}},"type":"if","locations":[{"start":{"line":28,"column":8},"end":{"line":34,"column":9}},{"start":{"line":28,"column":8},"end":{"line":34,"column":9}}],"line":28},"2":{"loc":{"start":{"line":47,"column":8},"end":{"line":52,"column":9}},"type":"if","locations":[{"start":{"line":47,"column":8},"end":{"line":52,"column":9}},{"start":{"line":47,"column":8},"end":{"line":52,"column":9}}],"line":47},"3":{"loc":{"start":{"line":64,"column":8},"end":{"line":68,"column":9}},"type":"if","locations":[{"start":{"line":64,"column":8},"end":{"line":68,"column":9}},{"start":{"line":64,"column":8},"end":{"line":68,"column":9}}],"line":64},"4":{"loc":{"start":{"line":86,"column":8},"end":{"line":88,"column":9}},"type":"if","locations":[{"start":{"line":86,"column":8},"end":{"line":88,"column":9}},{"start":{"line":86,"column":8},"end":{"line":88,"column":9}}],"line":86},"5":{"loc":{"start":{"line":90,"column":12},"end":{"line":92,"column":13}},"type":"if","locations":[{"start":{"line":90,"column":12},"end":{"line":92,"column":13}},{"start":{"line":90,"column":12},"end":{"line":92,"column":13}}],"line":90},"6":{"loc":{"start":{"line":107,"column":12},"end":{"line":109,"column":13}},"type":"if","locations":[{"start":{"line":107,"column":12},"end":{"line":109,"column":13}},{"start":{"line":107,"column":12},"end":{"line":109,"column":13}}],"line":107},"7":{"loc":{"start":{"line":123,"column":8},"end":{"line":159,"column":9}},"type":"switch","locations":[{"start":{"line":124,"column":12},"end":{"line":126,"column":22}},{"start":{"line":127,"column":12},"end":{"line":129,"column":22}},{"start":{"line":130,"column":12},"end":{"line":134,"column":22}},{"start":{"line":135,"column":12},"end":{"line":137,"column":22}},{"start":{"line":138,"column":12},"end":{"line":142,"column":22}},{"start":{"line":143,"column":12},"end":{"line":145,"column":22}},{"start":{"line":146,"column":12},"end":{"line":156,"column":22}},{"start":{"line":157,"column":12},"end":{"line":158,"column":22}}],"line":123},"8":{"loc":{"start":{"line":172,"column":8},"end":{"line":206,"column":9}},"type":"switch","locations":[{"start":{"line":173,"column":12},"end":{"line":174,"column":32}},{"start":{"line":175,"column":12},"end":{"line":176,"column":30}},{"start":{"line":177,"column":12},"end":{"line":178,"column":30}},{"start":{"line":179,"column":12},"end":{"line":181,"column":32}},{"start":{"line":182,"column":12},"end":{"line":188,"column":17}},{"start":{"line":189,"column":12},"end":{"line":191,"column":35}},{"start":{"line":192,"column":12},"end":{"line":194,"column":78}},{"start":{"line":195,"column":12},"end":{"line":200,"column":22}},{"start":{"line":201,"column":12},"end":{"line":205,"column":22}}],"line":172},"9":{"loc":{"start":{"line":184,"column":16},"end":{"line":188,"column":17}},"type":"if","locations":[{"start":{"line":184,"column":16},"end":{"line":188,"column":17}},{"start":{"line":184,"column":16},"end":{"line":188,"column":17}}],"line":184},"10":{"loc":{"start":{"line":197,"column":16},"end":{"line":199,"column":17}},"type":"if","locations":[{"start":{"line":197,"column":16},"end":{"line":199,"column":17}},{"start":{"line":197,"column":16},"end":{"line":199,"column":17}}],"line":197},"11":{"loc":{"start":{"line":202,"column":16},"end":{"line":204,"column":17}},"type":"if","locations":[{"start":{"line":202,"column":16},"end":{"line":204,"column":17}},{"start":{"line":202,"column":16},"end":{"line":204,"column":17}}],"line":202},"12":{"loc":{"start":{"line":220,"column":8},"end":{"line":229,"column":9}},"type":"switch","locations":[{"start":{"line":221,"column":12},"end":{"line":224,"column":22}},{"start":{"line":225,"column":12},"end":{"line":228,"column":22}}],"line":220},"13":{"loc":{"start":{"line":231,"column":8},"end":{"line":236,"column":9}},"type":"if","locations":[{"start":{"line":231,"column":8},"end":{"line":236,"column":9}},{"start":{"line":231,"column":8},"end":{"line":236,"column":9}}],"line":231},"14":{"loc":{"start":{"line":231,"column":12},"end":{"line":231,"column":56}},"type":"binary-expr","locations":[{"start":{"line":231,"column":12},"end":{"line":231,"column":32}},{"start":{"line":231,"column":36},"end":{"line":231,"column":56}}],"line":231},"15":{"loc":{"start":{"line":233,"column":12},"end":{"line":235,"column":13}},"type":"if","locations":[{"start":{"line":233,"column":12},"end":{"line":235,"column":13}},{"start":{"line":233,"column":12},"end":{"line":235,"column":13}}],"line":233},"16":{"loc":{"start":{"line":252,"column":8},"end":{"line":313,"column":9}},"type":"if","locations":[{"start":{"line":252,"column":8},"end":{"line":313,"column":9}},{"start":{"line":252,"column":8},"end":{"line":313,"column":9}}],"line":252},"17":{"loc":{"start":{"line":252,"column":12},"end":{"line":252,"column":104}},"type":"binary-expr","locations":[{"start":{"line":252,"column":12},"end":{"line":252,"column":61}},{"start":{"line":252,"column":65},"end":{"line":252,"column":104}}],"line":252},"18":{"loc":{"start":{"line":255,"column":12},"end":{"line":310,"column":13}},"type":"if","locations":[{"start":{"line":255,"column":12},"end":{"line":310,"column":13}},{"start":{"line":255,"column":12},"end":{"line":310,"column":13}}],"line":255},"19":{"loc":{"start":{"line":256,"column":16},"end":{"line":273,"column":17}},"type":"if","locations":[{"start":{"line":256,"column":16},"end":{"line":273,"column":17}},{"start":{"line":256,"column":16},"end":{"line":273,"column":17}}],"line":256},"20":{"loc":{"start":{"line":259,"column":20},"end":{"line":263,"column":21}},"type":"if","locations":[{"start":{"line":259,"column":20},"end":{"line":263,"column":21}},{"start":{"line":259,"column":20},"end":{"line":263,"column":21}}],"line":259},"21":{"loc":{"start":{"line":259,"column":24},"end":{"line":259,"column":133}},"type":"binary-expr","locations":[{"start":{"line":259,"column":24},"end":{"line":259,"column":98}},{"start":{"line":259,"column":102},"end":{"line":259,"column":133}}],"line":259},"22":{"loc":{"start":{"line":268,"column":20},"end":{"line":272,"column":21}},"type":"if","locations":[{"start":{"line":268,"column":20},"end":{"line":272,"column":21}},{"start":{"line":268,"column":20},"end":{"line":272,"column":21}}],"line":268},"23":{"loc":{"start":{"line":277,"column":16},"end":{"line":281,"column":17}},"type":"if","locations":[{"start":{"line":277,"column":16},"end":{"line":281,"column":17}},{"start":{"line":277,"column":16},"end":{"line":281,"column":17}}],"line":277},"24":{"loc":{"start":{"line":286,"column":20},"end":{"line":301,"column":21}},"type":"if","locations":[{"start":{"line":286,"column":20},"end":{"line":301,"column":21}},{"start":{"line":286,"column":20},"end":{"line":301,"column":21}}],"line":286},"25":{"loc":{"start":{"line":290,"column":24},"end":{"line":298,"column":25}},"type":"if","locations":[{"start":{"line":290,"column":24},"end":{"line":298,"column":25}},{"start":{"line":290,"column":24},"end":{"line":298,"column":25}}],"line":290},"26":{"loc":{"start":{"line":294,"column":31},"end":{"line":298,"column":25}},"type":"if","locations":[{"start":{"line":294,"column":31},"end":{"line":298,"column":25}},{"start":{"line":294,"column":31},"end":{"line":298,"column":25}}],"line":294},"27":{"loc":{"start":{"line":325,"column":8},"end":{"line":327,"column":9}},"type":"if","locations":[{"start":{"line":325,"column":8},"end":{"line":327,"column":9}},{"start":{"line":325,"column":8},"end":{"line":327,"column":9}}],"line":325},"28":{"loc":{"start":{"line":328,"column":8},"end":{"line":343,"column":9}},"type":"switch","locations":[{"start":{"line":329,"column":12},"end":{"line":330,"column":65}},{"start":{"line":331,"column":12},"end":{"line":332,"column":67}},{"start":{"line":333,"column":12},"end":{"line":337,"column":70}},{"start":{"line":338,"column":12},"end":{"line":339,"column":71}},{"start":{"line":340,"column":12},"end":{"line":342,"column":58}}],"line":328},"29":{"loc":{"start":{"line":373,"column":12},"end":{"line":375,"column":13}},"type":"if","locations":[{"start":{"line":373,"column":12},"end":{"line":375,"column":13}},{"start":{"line":373,"column":12},"end":{"line":375,"column":13}}],"line":373},"30":{"loc":{"start":{"line":384,"column":4},"end":{"line":386,"column":5}},"type":"if","locations":[{"start":{"line":384,"column":4},"end":{"line":386,"column":5}},{"start":{"line":384,"column":4},"end":{"line":386,"column":5}}],"line":384}},"s":{"0":1,"1":1,"2":1,"3":1,"4":1,"5":1,"6":1,"7":1,"8":0,"9":0,"10":0,"11":1,"12":0,"13":0,"14":0,"15":0,"16":1,"17":0,"18":0,"19":0,"20":1,"21":1,"22":1,"23":0,"24":0,"25":0,"26":0,"27":0,"28":0,"29":1,"30":0,"31":0,"32":0,"33":0,"34":0,"35":0,"36":1,"37":3,"38":3,"39":0,"40":0,"41":0,"42":0,"43":0,"44":0,"45":0,"46":0,"47":0,"48":0,"49":0,"50":0,"51":0,"52":0,"53":0,"54":3,"55":3,"56":1,"57":0,"58":0,"59":0,"60":0,"61":0,"62":0,"63":0,"64":0,"65":0,"66":0,"67":0,"68":0,"69":0,"70":0,"71":0,"72":0,"73":0,"74":0,"75":0,"76":1,"77":0,"78":0,"79":0,"80":0,"81":0,"82":0,"83":0,"84":0,"85":0,"86":0,"87":0,"88":1,"89":0,"90":0,"91":0,"92":0,"93":0,"94":0,"95":0,"96":0,"97":0,"98":0,"99":0,"100":0,"101":0,"102":0,"103":0,"104":0,"105":0,"106":0,"107":0,"108":0,"109":0,"110":0,"111":0,"112":0,"113":0,"114":0,"115":0,"116":0,"117":0,"118":0,"119":0,"120":0,"121":0,"122":1,"123":0,"124":0,"125":0,"126":0,"127":0,"128":0,"129":0,"130":0,"131":0,"132":0,"133":0,"134":0,"135":0,"136":0,"137":0,"138":1,"139":0,"140":0,"141":0,"142":0,"143":1,"144":0,"145":0,"146":0,"147":0,"148":1,"149":1,"150":1},"f":{"0":1,"1":0,"2":0,"3":0,"4":0,"5":0,"6":0,"7":3,"8":0,"9":0,"10":0,"11":0,"12":0,"13":0},"b":{"0":[1,0],"1":[0,0],"2":[0,0],"3":[0,0],"4":[0,0],"5":[0,0],"6":[0,0],"7":[0,0,0,0,0,0,0,3],"8":[0,0,0,0,0,0,0,0,0],"9":[0,0],"10":[0,0],"11":[0,0],"12":[0,0],"13":[0,0],"14":[0,0],"15":[0,0],"16":[0,0],"17":[0,0],"18":[0,0],"19":[0,0],"20":[0,0],"21":[0,0],"22":[0,0],"23":[0,0],"24":[0,0],"25":[0,0],"26":[0,0],"27":[0,0],"28":[0,0,0,0,0],"29":[0,0],"30":[1,0]},"_coverageSchema":"1a1c01bbd47fc00a2c39e90264f33305004495a9","hash":"e5b32b2fcdd15f91999548806b22141fee57cffa"}
,"/home/algomorph/Workbench/CodeGrader/code_analysis/code_component_search.js": {"path":"/home/algomorph/Workbench/CodeGrader/code_analysis/code_component_search.js","statementMap":{"0":{"start":{"line":5,"column":0},"end":{"line":20,"column":1}},"1":{"start":{"line":7,"column":4},"end":{"line":17,"column":5}},"2":{"start":{"line":8,"column":8},"end":{"line":8,"column":83}},"3":{"start":{"line":9,"column":8},"end":{"line":9,"column":74}},"4":{"start":{"line":10,"column":32},"end":{"line":10,"column":78}},"5":{"start":{"line":11,"column":8},"end":{"line":11,"column":58}},"6":{"start":{"line":12,"column":8},"end":{"line":12,"column":38}},"7":{"start":{"line":13,"column":8},"end":{"line":13,"column":50}},"8":{"start":{"line":14,"column":8},"end":{"line":14,"column":56}},"9":{"start":{"line":22,"column":0},"end":{"line":464,"column":24}},"10":{"start":{"line":35,"column":4},"end":{"line":377,"column":5}},"11":{"start":{"line":36,"column":27},"end":{"line":36,"column":29}},"12":{"start":{"line":37,"column":38},"end":{"line":37,"column":40}},"13":{"start":{"line":38,"column":41},"end":{"line":38,"column":45}},"14":{"start":{"line":39,"column":29},"end":{"line":39,"column":61}},"15":{"start":{"line":42,"column":12},"end":{"line":42,"column":47}},"16":{"start":{"line":46,"column":8},"end":{"line":352,"column":9}},"17":{"start":{"line":49,"column":34},"end":{"line":52,"column":79}},"18":{"start":{"line":53,"column":16},"end":{"line":53,"column":45}},"19":{"start":{"line":56,"column":16},"end":{"line":58,"column":17}},"20":{"start":{"line":57,"column":20},"end":{"line":57,"column":67}},"21":{"start":{"line":60,"column":16},"end":{"line":60,"column":22}},"22":{"start":{"line":62,"column":42},"end":{"line":62,"column":47}},"23":{"start":{"line":63,"column":16},"end":{"line":73,"column":17}},"24":{"start":{"line":64,"column":43},"end":{"line":64,"column":45}},"25":{"start":{"line":65,"column":20},"end":{"line":70,"column":21}},"26":{"start":{"line":66,"column":24},"end":{"line":69,"column":25}},"27":{"start":{"line":67,"column":80},"end":{"line":67,"column":136}},"28":{"start":{"line":68,"column":28},"end":{"line":68,"column":122}},"29":{"start":{"line":72,"column":20},"end":{"line":72,"column":67}},"30":{"start":{"line":74,"column":74},"end":{"line":74,"column":135}},"31":{"start":{"line":75,"column":40},"end":{"line":75,"column":63}},"32":{"start":{"line":76,"column":36},"end":{"line":76,"column":136}},"33":{"start":{"line":83,"column":48},"end":{"line":83,"column":97}},"34":{"start":{"line":84,"column":16},"end":{"line":84,"column":77}},"35":{"start":{"line":85,"column":16},"end":{"line":94,"column":17}},"36":{"start":{"line":86,"column":20},"end":{"line":86,"column":112}},"37":{"start":{"line":88,"column":20},"end":{"line":93,"column":21}},"38":{"start":{"line":89,"column":45},"end":{"line":89,"column":111}},"39":{"start":{"line":90,"column":24},"end":{"line":90,"column":59}},"40":{"start":{"line":92,"column":24},"end":{"line":92,"column":113}},"41":{"start":{"line":96,"column":16},"end":{"line":101,"column":17}},"42":{"start":{"line":97,"column":20},"end":{"line":100,"column":21}},"43":{"start":{"line":98,"column":58},"end":{"line":98,"column":114}},"44":{"start":{"line":99,"column":24},"end":{"line":99,"column":143}},"45":{"start":{"line":103,"column":16},"end":{"line":109,"column":17}},"46":{"start":{"line":105,"column":35},"end":{"line":107,"column":29}},"47":{"start":{"line":106,"column":24},"end":{"line":106,"column":120}},"48":{"start":{"line":108,"column":20},"end":{"line":108,"column":150}},"49":{"start":{"line":112,"column":16},"end":{"line":112,"column":22}},"50":{"start":{"line":114,"column":16},"end":{"line":114,"column":70}},"51":{"start":{"line":115,"column":16},"end":{"line":115,"column":49}},"52":{"start":{"line":116,"column":16},"end":{"line":116,"column":22}},"53":{"start":{"line":118,"column":16},"end":{"line":127,"column":17}},"54":{"start":{"line":119,"column":20},"end":{"line":119,"column":76}},"55":{"start":{"line":121,"column":20},"end":{"line":126,"column":21}},"56":{"start":{"line":122,"column":24},"end":{"line":122,"column":80}},"57":{"start":{"line":123,"column":24},"end":{"line":123,"column":139}},"58":{"start":{"line":125,"column":24},"end":{"line":125,"column":103}},"59":{"start":{"line":128,"column":16},"end":{"line":128,"column":49}},"60":{"start":{"line":129,"column":16},"end":{"line":129,"column":117}},"61":{"start":{"line":130,"column":16},"end":{"line":130,"column":22}},"62":{"start":{"line":132,"column":16},"end":{"line":140,"column":17}},"63":{"start":{"line":133,"column":20},"end":{"line":139,"column":21}},"64":{"start":{"line":135,"column":58},"end":{"line":135,"column":116}},"65":{"start":{"line":136,"column":24},"end":{"line":138,"column":25}},"66":{"start":{"line":137,"column":28},"end":{"line":137,"column":148}},"67":{"start":{"line":143,"column":16},"end":{"line":147,"column":17}},"68":{"start":{"line":144,"column":20},"end":{"line":144,"column":92}},"69":{"start":{"line":146,"column":20},"end":{"line":146,"column":114}},"70":{"start":{"line":148,"column":16},"end":{"line":153,"column":18}},"71":{"start":{"line":155,"column":16},"end":{"line":155,"column":22}},"72":{"start":{"line":157,"column":50},"end":{"line":157,"column":114}},"73":{"start":{"line":158,"column":16},"end":{"line":158,"column":151}},"74":{"start":{"line":160,"column":16},"end":{"line":163,"column":18}},"75":{"start":{"line":164,"column":16},"end":{"line":164,"column":22}},"76":{"start":{"line":166,"column":16},"end":{"line":169,"column":18}},"77":{"start":{"line":170,"column":16},"end":{"line":170,"column":22}},"78":{"start":{"line":172,"column":16},"end":{"line":175,"column":18}},"79":{"start":{"line":176,"column":16},"end":{"line":176,"column":22}},"80":{"start":{"line":178,"column":16},"end":{"line":178,"column":99}},"81":{"start":{"line":179,"column":16},"end":{"line":179,"column":49}},"82":{"start":{"line":180,"column":16},"end":{"line":180,"column":22}},"83":{"start":{"line":182,"column":16},"end":{"line":182,"column":71}},"84":{"start":{"line":183,"column":16},"end":{"line":183,"column":49}},"85":{"start":{"line":184,"column":16},"end":{"line":184,"column":22}},"86":{"start":{"line":187,"column":16},"end":{"line":187,"column":72}},"87":{"start":{"line":188,"column":16},"end":{"line":188,"column":69}},"88":{"start":{"line":189,"column":16},"end":{"line":189,"column":49}},"89":{"start":{"line":190,"column":16},"end":{"line":190,"column":22}},"90":{"start":{"line":199,"column":16},"end":{"line":202,"column":17}},"91":{"start":{"line":200,"column":20},"end":{"line":200,"column":76}},"92":{"start":{"line":201,"column":20},"end":{"line":201,"column":53}},"93":{"start":{"line":203,"column":16},"end":{"line":203,"column":22}},"94":{"start":{"line":205,"column":16},"end":{"line":205,"column":117}},"95":{"start":{"line":206,"column":16},"end":{"line":213,"column":17}},"96":{"start":{"line":207,"column":20},"end":{"line":212,"column":21}},"97":{"start":{"line":208,"column":58},"end":{"line":208,"column":129}},"98":{"start":{"line":209,"column":24},"end":{"line":211,"column":78}},"99":{"start":{"line":214,"column":16},"end":{"line":216,"column":17}},"100":{"start":{"line":215,"column":20},"end":{"line":215,"column":134}},"101":{"start":{"line":217,"column":16},"end":{"line":217,"column":22}},"102":{"start":{"line":220,"column":16},"end":{"line":220,"column":95}},"103":{"start":{"line":221,"column":16},"end":{"line":221,"column":73}},"104":{"start":{"line":222,"column":16},"end":{"line":222,"column":49}},"105":{"start":{"line":223,"column":16},"end":{"line":223,"column":22}},"106":{"start":{"line":225,"column":16},"end":{"line":225,"column":82}},"107":{"start":{"line":226,"column":16},"end":{"line":226,"column":49}},"108":{"start":{"line":227,"column":16},"end":{"line":227,"column":22}},"109":{"start":{"line":229,"column":16},"end":{"line":229,"column":97}},"110":{"start":{"line":230,"column":16},"end":{"line":230,"column":67}},"111":{"start":{"line":231,"column":16},"end":{"line":231,"column":77}},"112":{"start":{"line":232,"column":16},"end":{"line":232,"column":49}},"113":{"start":{"line":233,"column":16},"end":{"line":233,"column":22}},"114":{"start":{"line":235,"column":16},"end":{"line":235,"column":70}},"115":{"start":{"line":236,"column":16},"end":{"line":236,"column":49}},"116":{"start":{"line":237,"column":16},"end":{"line":237,"column":22}},"117":{"start":{"line":239,"column":16},"end":{"line":239,"column":120}},"118":{"start":{"line":240,"column":16},"end":{"line":240,"column":49}},"119":{"start":{"line":241,"column":16},"end":{"line":241,"column":22}},"120":{"start":{"line":243,"column":16},"end":{"line":243,"column":66}},"121":{"start":{"line":244,"column":16},"end":{"line":244,"column":49}},"122":{"start":{"line":245,"column":16},"end":{"line":245,"column":22}},"123":{"start":{"line":247,"column":35},"end":{"line":248,"column":143}},"124":{"start":{"line":249,"column":16},"end":{"line":249,"column":99}},"125":{"start":{"line":250,"column":16},"end":{"line":250,"column":70}},"126":{"start":{"line":252,"column":16},"end":{"line":252,"column":69}},"127":{"start":{"line":253,"column":16},"end":{"line":253,"column":49}},"128":{"start":{"line":254,"column":16},"end":{"line":254,"column":22}},"129":{"start":{"line":256,"column":35},"end":{"line":257,"column":132}},"130":{"start":{"line":258,"column":16},"end":{"line":258,"column":99}},"131":{"start":{"line":259,"column":16},"end":{"line":259,"column":70}},"132":{"start":{"line":263,"column":16},"end":{"line":267,"column":17}},"133":{"start":{"line":264,"column":20},"end":{"line":264,"column":100}},"134":{"start":{"line":266,"column":20},"end":{"line":266,"column":73}},"135":{"start":{"line":268,"column":16},"end":{"line":268,"column":49}},"136":{"start":{"line":269,"column":16},"end":{"line":269,"column":22}},"137":{"start":{"line":271,"column":50},"end":{"line":271,"column":104}},"138":{"start":{"line":272,"column":47},"end":{"line":272,"column":112}},"139":{"start":{"line":273,"column":29},"end":{"line":273,"column":122}},"140":{"start":{"line":274,"column":35},"end":{"line":275,"column":131}},"141":{"start":{"line":277,"column":16},"end":{"line":277,"column":99}},"142":{"start":{"line":278,"column":16},"end":{"line":278,"column":70}},"143":{"start":{"line":280,"column":16},"end":{"line":280,"column":69}},"144":{"start":{"line":281,"column":16},"end":{"line":281,"column":49}},"145":{"start":{"line":282,"column":16},"end":{"line":282,"column":22}},"146":{"start":{"line":285,"column":20},"end":{"line":285,"column":117}},"147":{"start":{"line":286,"column":35},"end":{"line":287,"column":143}},"148":{"start":{"line":288,"column":16},"end":{"line":288,"column":70}},"149":{"start":{"line":289,"column":16},"end":{"line":289,"column":99}},"150":{"start":{"line":290,"column":49},"end":{"line":290,"column":66}},"151":{"start":{"line":291,"column":16},"end":{"line":293,"column":17}},"152":{"start":{"line":292,"column":20},"end":{"line":292,"column":70}},"153":{"start":{"line":294,"column":16},"end":{"line":294,"column":76}},"154":{"start":{"line":295,"column":16},"end":{"line":295,"column":49}},"155":{"start":{"line":297,"column":16},"end":{"line":297,"column":22}},"156":{"start":{"line":301,"column":16},"end":{"line":301,"column":69}},"157":{"start":{"line":303,"column":50},"end":{"line":303,"column":104}},"158":{"start":{"line":304,"column":16},"end":{"line":307,"column":17}},"159":{"start":{"line":305,"column":20},"end":{"line":306,"column":111}},"160":{"start":{"line":309,"column":16},"end":{"line":309,"column":49}},"161":{"start":{"line":310,"column":16},"end":{"line":310,"column":22}},"162":{"start":{"line":312,"column":16},"end":{"line":317,"column":17}},"163":{"start":{"line":313,"column":20},"end":{"line":313,"column":71}},"164":{"start":{"line":314,"column":20},"end":{"line":314,"column":81}},"165":{"start":{"line":315,"column":20},"end":{"line":315,"column":77}},"166":{"start":{"line":316,"column":20},"end":{"line":316,"column":53}},"167":{"start":{"line":318,"column":16},"end":{"line":318,"column":22}},"168":{"start":{"line":320,"column":16},"end":{"line":320,"column":66}},"169":{"start":{"line":321,"column":16},"end":{"line":321,"column":49}},"170":{"start":{"line":322,"column":16},"end":{"line":322,"column":22}},"171":{"start":{"line":324,"column":16},"end":{"line":324,"column":75}},"172":{"start":{"line":325,"column":16},"end":{"line":325,"column":49}},"173":{"start":{"line":326,"column":16},"end":{"line":326,"column":22}},"174":{"start":{"line":329,"column":16},"end":{"line":329,"column":72}},"175":{"start":{"line":330,"column":16},"end":{"line":330,"column":49}},"176":{"start":{"line":331,"column":16},"end":{"line":331,"column":22}},"177":{"start":{"line":333,"column":16},"end":{"line":333,"column":71}},"178":{"start":{"line":334,"column":16},"end":{"line":334,"column":49}},"179":{"start":{"line":335,"column":16},"end":{"line":335,"column":22}},"180":{"start":{"line":337,"column":16},"end":{"line":337,"column":102}},"181":{"start":{"line":338,"column":16},"end":{"line":338,"column":49}},"182":{"start":{"line":339,"column":16},"end":{"line":339,"column":22}},"183":{"start":{"line":341,"column":16},"end":{"line":341,"column":69}},"184":{"start":{"line":342,"column":16},"end":{"line":342,"column":49}},"185":{"start":{"line":343,"column":16},"end":{"line":343,"column":22}},"186":{"start":{"line":351,"column":16},"end":{"line":351,"column":22}},"187":{"start":{"line":354,"column":8},"end":{"line":356,"column":9}},"188":{"start":{"line":355,"column":12},"end":{"line":355,"column":221}},"189":{"start":{"line":358,"column":44},"end":{"line":358,"column":99}},"190":{"start":{"line":359,"column":8},"end":{"line":361,"column":9}},"191":{"start":{"line":360,"column":12},"end":{"line":360,"column":153}},"192":{"start":{"line":363,"column":8},"end":{"line":368,"column":9}},"193":{"start":{"line":364,"column":41},"end":{"line":364,"column":76}},"194":{"start":{"line":365,"column":12},"end":{"line":367,"column":13}},"195":{"start":{"line":366,"column":16},"end":{"line":366,"column":121}},"196":{"start":{"line":370,"column":8},"end":{"line":375,"column":9}},"197":{"start":{"line":371,"column":41},"end":{"line":371,"column":82}},"198":{"start":{"line":372,"column":12},"end":{"line":374,"column":13}},"199":{"start":{"line":373,"column":16},"end":{"line":373,"column":127}},"200":{"start":{"line":376,"column":8},"end":{"line":376,"column":62}},"201":{"start":{"line":383,"column":4},"end":{"line":414,"column":5}},"202":{"start":{"line":384,"column":8},"end":{"line":413,"column":9}},"203":{"start":{"line":385,"column":31},"end":{"line":385,"column":58}},"204":{"start":{"line":388,"column":12},"end":{"line":412,"column":13}},"205":{"start":{"line":389,"column":38},"end":{"line":389,"column":59}},"206":{"start":{"line":390,"column":34},"end":{"line":390,"column":67}},"207":{"start":{"line":391,"column":16},"end":{"line":391,"column":55}},"208":{"start":{"line":392,"column":16},"end":{"line":392,"column":112}},"209":{"start":{"line":393,"column":16},"end":{"line":395,"column":17}},"210":{"start":{"line":394,"column":20},"end":{"line":394,"column":86}},"211":{"start":{"line":398,"column":39},"end":{"line":399,"column":115}},"212":{"start":{"line":398,"column":86},"end":{"line":399,"column":85}},"213":{"start":{"line":399,"column":100},"end":{"line":399,"column":113}},"214":{"start":{"line":401,"column":16},"end":{"line":408,"column":17}},"215":{"start":{"line":402,"column":20},"end":{"line":407,"column":21}},"216":{"start":{"line":403,"column":60},"end":{"line":403,"column":139}},"217":{"start":{"line":404,"column":24},"end":{"line":406,"column":25}},"218":{"start":{"line":405,"column":28},"end":{"line":405,"column":182}},"219":{"start":{"line":410,"column":16},"end":{"line":410,"column":78}},"220":{"start":{"line":411,"column":16},"end":{"line":411,"column":77}},"221":{"start":{"line":422,"column":4},"end":{"line":446,"column":5}},"222":{"start":{"line":423,"column":8},"end":{"line":444,"column":9}},"223":{"start":{"line":428,"column":16},"end":{"line":432,"column":17}},"224":{"start":{"line":429,"column":20},"end":{"line":429,"column":75}},"225":{"start":{"line":431,"column":20},"end":{"line":431,"column":57}},"226":{"start":{"line":434,"column":16},"end":{"line":436,"column":17}},"227":{"start":{"line":435,"column":20},"end":{"line":435,"column":70}},"228":{"start":{"line":437,"column":16},"end":{"line":437,"column":22}},"229":{"start":{"line":439,"column":16},"end":{"line":439,"column":72}},"230":{"start":{"line":441,"column":16},"end":{"line":441,"column":58}},"231":{"start":{"line":443,"column":16},"end":{"line":443,"column":53}},"232":{"start":{"line":455,"column":4},"end":{"line":462,"column":5}},"233":{"start":{"line":456,"column":8},"end":{"line":461,"column":9}},"234":{"start":{"line":458,"column":16},"end":{"line":458,"column":71}},"235":{"start":{"line":460,"column":16},"end":{"line":460,"column":51}},"236":{"start":{"line":467,"column":0},"end":{"line":473,"column":1}},"237":{"start":{"line":468,"column":4},"end":{"line":470,"column":5}},"238":{"start":{"line":469,"column":8},"end":{"line":469,"column":39}}},"fnMap":{"0":{"name":"(anonymous_0)","decl":{"start":{"line":22,"column":1},"end":{"line":22,"column":2}},"loc":{"start":{"line":22,"column":13},"end":{"line":464,"column":1}},"line":22},"1":{"name":"(anonymous_1)","decl":{"start":{"line":35,"column":39},"end":{"line":35,"column":40}},"loc":{"start":{"line":35,"column":116},"end":{"line":377,"column":5}},"line":35},"2":{"name":"continueProcessingCurrentScope","decl":{"start":{"line":41,"column":17},"end":{"line":41,"column":47}},"loc":{"start":{"line":41,"column":50},"end":{"line":43,"column":9}},"line":41},"3":{"name":"(anonymous_3)","decl":{"start":{"line":105,"column":99},"end":{"line":105,"column":100}},"loc":{"start":{"line":105,"column":127},"end":{"line":107,"column":21}},"line":105},"4":{"name":"(anonymous_4)","decl":{"start":{"line":383,"column":39},"end":{"line":383,"column":40}},"loc":{"start":{"line":383,"column":74},"end":{"line":414,"column":5}},"line":383},"5":{"name":"(anonymous_5)","decl":{"start":{"line":398,"column":77},"end":{"line":398,"column":78}},"loc":{"start":{"line":398,"column":86},"end":{"line":399,"column":85}},"line":398},"6":{"name":"(anonymous_6)","decl":{"start":{"line":399,"column":91},"end":{"line":399,"column":92}},"loc":{"start":{"line":399,"column":100},"end":{"line":399,"column":113}},"line":399},"7":{"name":"(anonymous_7)","decl":{"start":{"line":422,"column":27},"end":{"line":422,"column":28}},"loc":{"start":{"line":422,"column":53},"end":{"line":446,"column":5}},"line":422},"8":{"name":"(anonymous_8)","decl":{"start":{"line":455,"column":25},"end":{"line":455,"column":26}},"loc":{"start":{"line":455,"column":51},"end":{"line":462,"column":5}},"line":455}},"branchMap":{"0":{"loc":{"start":{"line":7,"column":4},"end":{"line":17,"column":5}},"type":"if","locations":[{"start":{"line":7,"column":4},"end":{"line":17,"column":5}},{"start":{"line":7,"column":4},"end":{"line":17,"column":5}}],"line":7},"1":{"loc":{"start":{"line":46,"column":8},"end":{"line":352,"column":9}},"type":"switch","locations":[{"start":{"line":47,"column":12},"end":{"line":60,"column":22}},{"start":{"line":61,"column":12},"end":{"line":112,"column":22}},{"start":{"line":113,"column":12},"end":{"line":116,"column":22}},{"start":{"line":117,"column":12},"end":{"line":130,"column":22}},{"start":{"line":131,"column":12},"end":{"line":155,"column":22}},{"start":{"line":156,"column":12},"end":{"line":164,"column":22}},{"start":{"line":165,"column":12},"end":{"line":170,"column":22}},{"start":{"line":171,"column":12},"end":{"line":176,"column":22}},{"start":{"line":177,"column":12},"end":{"line":180,"column":22}},{"start":{"line":181,"column":12},"end":{"line":184,"column":22}},{"start":{"line":185,"column":12},"end":{"line":185,"column":36}},{"start":{"line":186,"column":12},"end":{"line":190,"column":22}},{"start":{"line":191,"column":12},"end":{"line":191,"column":35}},{"start":{"line":192,"column":12},"end":{"line":192,"column":34}},{"start":{"line":193,"column":12},"end":{"line":193,"column":39}},{"start":{"line":194,"column":12},"end":{"line":194,"column":43}},{"start":{"line":195,"column":12},"end":{"line":195,"column":34}},{"start":{"line":196,"column":12},"end":{"line":196,"column":30}},{"start":{"line":197,"column":12},"end":{"line":197,"column":36}},{"start":{"line":198,"column":12},"end":{"line":203,"column":22}},{"start":{"line":204,"column":12},"end":{"line":217,"column":22}},{"start":{"line":218,"column":12},"end":{"line":218,"column":40}},{"start":{"line":219,"column":12},"end":{"line":223,"column":22}},{"start":{"line":224,"column":12},"end":{"line":227,"column":22}},{"start":{"line":228,"column":12},"end":{"line":233,"column":22}},{"start":{"line":234,"column":12},"end":{"line":237,"column":22}},{"start":{"line":238,"column":12},"end":{"line":241,"column":22}},{"start":{"line":242,"column":12},"end":{"line":245,"column":22}},{"start":{"line":246,"column":12},"end":{"line":254,"column":22}},{"start":{"line":255,"column":12},"end":{"line":269,"column":22}},{"start":{"line":270,"column":12},"end":{"line":282,"column":22}},{"start":{"line":283,"column":12},"end":{"line":297,"column":22}},{"start":{"line":298,"column":12},"end":{"line":298,"column":48}},{"start":{"line":299,"column":12},"end":{"line":299,"column":49}},{"start":{"line":300,"column":12},"end":{"line":310,"column":22}},{"start":{"line":311,"column":12},"end":{"line":318,"column":22}},{"start":{"line":319,"column":12},"end":{"line":322,"column":22}},{"start":{"line":323,"column":12},"end":{"line":326,"column":22}},{"start":{"line":327,"column":12},"end":{"line":327,"column":35}},{"start":{"line":328,"column":12},"end":{"line":331,"column":22}},{"start":{"line":332,"column":12},"end":{"line":335,"column":22}},{"start":{"line":336,"column":12},"end":{"line":339,"column":22}},{"start":{"line":340,"column":12},"end":{"line":343,"column":22}},{"start":{"line":344,"column":12},"end":{"line":344,"column":30}},{"start":{"line":345,"column":12},"end":{"line":345,"column":34}},{"start":{"line":346,"column":12},"end":{"line":346,"column":30}},{"start":{"line":347,"column":12},"end":{"line":347,"column":33}},{"start":{"line":348,"column":12},"end":{"line":348,"column":33}},{"start":{"line":349,"column":12},"end":{"line":349,"column":31}},{"start":{"line":350,"column":12},"end":{"line":351,"column":22}}],"line":46},"2":{"loc":{"start":{"line":56,"column":16},"end":{"line":58,"column":17}},"type":"if","locations":[{"start":{"line":56,"column":16},"end":{"line":58,"column":17}},{"start":{"line":56,"column":16},"end":{"line":58,"column":17}}],"line":56},"3":{"loc":{"start":{"line":63,"column":16},"end":{"line":73,"column":17}},"type":"if","locations":[{"start":{"line":63,"column":16},"end":{"line":73,"column":17}},{"start":{"line":63,"column":16},"end":{"line":73,"column":17}}],"line":63},"4":{"loc":{"start":{"line":66,"column":24},"end":{"line":69,"column":25}},"type":"if","locations":[{"start":{"line":66,"column":24},"end":{"line":69,"column":25}},{"start":{"line":66,"column":24},"end":{"line":69,"column":25}}],"line":66},"5":{"loc":{"start":{"line":85,"column":16},"end":{"line":94,"column":17}},"type":"if","locations":[{"start":{"line":85,"column":16},"end":{"line":94,"column":17}},{"start":{"line":85,"column":16},"end":{"line":94,"column":17}}],"line":85},"6":{"loc":{"start":{"line":88,"column":20},"end":{"line":93,"column":21}},"type":"if","locations":[{"start":{"line":88,"column":20},"end":{"line":93,"column":21}},{"start":{"line":88,"column":20},"end":{"line":93,"column":21}}],"line":88},"7":{"loc":{"start":{"line":97,"column":20},"end":{"line":100,"column":21}},"type":"if","locations":[{"start":{"line":97,"column":20},"end":{"line":100,"column":21}},{"start":{"line":97,"column":20},"end":{"line":100,"column":21}}],"line":97},"8":{"loc":{"start":{"line":103,"column":16},"end":{"line":109,"column":17}},"type":"if","locations":[{"start":{"line":103,"column":16},"end":{"line":109,"column":17}},{"start":{"line":103,"column":16},"end":{"line":109,"column":17}}],"line":103},"9":{"loc":{"start":{"line":105,"column":35},"end":{"line":107,"column":29}},"type":"binary-expr","locations":[{"start":{"line":105,"column":35},"end":{"line":105,"column":70}},{"start":{"line":105,"column":74},"end":{"line":107,"column":29}}],"line":105},"10":{"loc":{"start":{"line":106,"column":41},"end":{"line":106,"column":120}},"type":"binary-expr","locations":[{"start":{"line":106,"column":41},"end":{"line":106,"column":77}},{"start":{"line":106,"column":81},"end":{"line":106,"column":120}}],"line":106},"11":{"loc":{"start":{"line":118,"column":16},"end":{"line":127,"column":17}},"type":"if","locations":[{"start":{"line":118,"column":16},"end":{"line":127,"column":17}},{"start":{"line":118,"column":16},"end":{"line":127,"column":17}}],"line":118},"12":{"loc":{"start":{"line":121,"column":20},"end":{"line":126,"column":21}},"type":"if","locations":[{"start":{"line":121,"column":20},"end":{"line":126,"column":21}},{"start":{"line":121,"column":20},"end":{"line":126,"column":21}}],"line":121},"13":{"loc":{"start":{"line":133,"column":20},"end":{"line":139,"column":21}},"type":"if","locations":[{"start":{"line":133,"column":20},"end":{"line":139,"column":21}},{"start":{"line":133,"column":20},"end":{"line":139,"column":21}}],"line":133},"14":{"loc":{"start":{"line":143,"column":16},"end":{"line":147,"column":17}},"type":"if","locations":[{"start":{"line":143,"column":16},"end":{"line":147,"column":17}},{"start":{"line":143,"column":16},"end":{"line":147,"column":17}}],"line":143},"15":{"loc":{"start":{"line":199,"column":16},"end":{"line":202,"column":17}},"type":"if","locations":[{"start":{"line":199,"column":16},"end":{"line":202,"column":17}},{"start":{"line":199,"column":16},"end":{"line":202,"column":17}}],"line":199},"16":{"loc":{"start":{"line":206,"column":16},"end":{"line":213,"column":17}},"type":"if","locations":[{"start":{"line":206,"column":16},"end":{"line":213,"column":17}},{"start":{"line":206,"column":16},"end":{"line":213,"column":17}}],"line":206},"17":{"loc":{"start":{"line":214,"column":16},"end":{"line":216,"column":17}},"type":"if","locations":[{"start":{"line":214,"column":16},"end":{"line":216,"column":17}},{"start":{"line":214,"column":16},"end":{"line":216,"column":17}}],"line":214},"18":{"loc":{"start":{"line":263,"column":16},"end":{"line":267,"column":17}},"type":"if","locations":[{"start":{"line":263,"column":16},"end":{"line":267,"column":17}},{"start":{"line":263,"column":16},"end":{"line":267,"column":17}}],"line":263},"19":{"loc":{"start":{"line":291,"column":16},"end":{"line":293,"column":17}},"type":"if","locations":[{"start":{"line":291,"column":16},"end":{"line":293,"column":17}},{"start":{"line":291,"column":16},"end":{"line":293,"column":17}}],"line":291},"20":{"loc":{"start":{"line":291,"column":20},"end":{"line":291,"column":86}},"type":"binary-expr","locations":[{"start":{"line":291,"column":20},"end":{"line":291,"column":56}},{"start":{"line":291,"column":60},"end":{"line":291,"column":86}}],"line":291},"21":{"loc":{"start":{"line":312,"column":16},"end":{"line":317,"column":17}},"type":"if","locations":[{"start":{"line":312,"column":16},"end":{"line":317,"column":17}},{"start":{"line":312,"column":16},"end":{"line":317,"column":17}}],"line":312},"22":{"loc":{"start":{"line":354,"column":8},"end":{"line":356,"column":9}},"type":"if","locations":[{"start":{"line":354,"column":8},"end":{"line":356,"column":9}},{"start":{"line":354,"column":8},"end":{"line":356,"column":9}}],"line":354},"23":{"loc":{"start":{"line":359,"column":8},"end":{"line":361,"column":9}},"type":"if","locations":[{"start":{"line":359,"column":8},"end":{"line":361,"column":9}},{"start":{"line":359,"column":8},"end":{"line":361,"column":9}}],"line":359},"24":{"loc":{"start":{"line":363,"column":8},"end":{"line":368,"column":9}},"type":"if","locations":[{"start":{"line":363,"column":8},"end":{"line":368,"column":9}},{"start":{"line":363,"column":8},"end":{"line":368,"column":9}}],"line":363},"25":{"loc":{"start":{"line":384,"column":8},"end":{"line":413,"column":9}},"type":"if","locations":[{"start":{"line":384,"column":8},"end":{"line":413,"column":9}},{"start":{"line":384,"column":8},"end":{"line":413,"column":9}}],"line":384},"26":{"loc":{"start":{"line":398,"column":86},"end":{"line":399,"column":85}},"type":"binary-expr","locations":[{"start":{"line":398,"column":86},"end":{"line":398,"column":146}},{"start":{"line":399,"column":20},"end":{"line":399,"column":85}}],"line":398},"27":{"loc":{"start":{"line":402,"column":20},"end":{"line":407,"column":21}},"type":"if","locations":[{"start":{"line":402,"column":20},"end":{"line":407,"column":21}},{"start":{"line":402,"column":20},"end":{"line":407,"column":21}}],"line":402},"28":{"loc":{"start":{"line":404,"column":24},"end":{"line":406,"column":25}},"type":"if","locations":[{"start":{"line":404,"column":24},"end":{"line":406,"column":25}},{"start":{"line":404,"column":24},"end":{"line":406,"column":25}}],"line":404},"29":{"loc":{"start":{"line":423,"column":8},"end":{"line":444,"column":9}},"type":"switch","locations":[{"start":{"line":424,"column":12},"end":{"line":424,"column":36}},{"start":{"line":425,"column":12},"end":{"line":425,"column":36}},{"start":{"line":426,"column":12},"end":{"line":426,"column":37}},{"start":{"line":427,"column":12},"end":{"line":432,"column":17}},{"start":{"line":433,"column":12},"end":{"line":437,"column":22}},{"start":{"line":438,"column":12},"end":{"line":439,"column":72}},{"start":{"line":440,"column":12},"end":{"line":441,"column":58}},{"start":{"line":442,"column":12},"end":{"line":443,"column":53}}],"line":423},"30":{"loc":{"start":{"line":428,"column":16},"end":{"line":432,"column":17}},"type":"if","locations":[{"start":{"line":428,"column":16},"end":{"line":432,"column":17}},{"start":{"line":428,"column":16},"end":{"line":432,"column":17}}],"line":428},"31":{"loc":{"start":{"line":434,"column":16},"end":{"line":436,"column":17}},"type":"if","locations":[{"start":{"line":434,"column":16},"end":{"line":436,"column":17}},{"start":{"line":434,"column":16},"end":{"line":436,"column":17}}],"line":434},"32":{"loc":{"start":{"line":456,"column":8},"end":{"line":461,"column":9}},"type":"switch","locations":[{"start":{"line":457,"column":12},"end":{"line":458,"column":71}},{"start":{"line":459,"column":12},"end":{"line":460,"column":51}}],"line":456},"33":{"loc":{"start":{"line":468,"column":4},"end":{"line":470,"column":5}},"type":"if","locations":[{"start":{"line":468,"column":4},"end":{"line":470,"column":5}},{"start":{"line":468,"column":4},"end":{"line":470,"column":5}}],"line":468}},"s":{"0":1,"1":1,"2":1,"3":1,"4":1,"5":1,"6":1,"7":1,"8":1,"9":1,"10":1,"11":3,"12":3,"13":3,"14":3,"15":0,"16":3,"17":3,"18":3,"19":3,"20":3,"21":3,"22":0,"23":0,"24":0,"25":0,"26":0,"27":0,"28":0,"29":0,"30":0,"31":0,"32":0,"33":0,"34":0,"35":0,"36":0,"37":0,"38":0,"39":0,"40":0,"41":0,"42":0,"43":0,"44":0,"45":0,"46":0,"47":0,"48":0,"49":0,"50":0,"51":0,"52":0,"53":0,"54":0,"55":0,"56":0,"57":0,"58":0,"59":0,"60":0,"61":0,"62":0,"63":0,"64":0,"65":0,"66":0,"67":0,"68":0,"69":0,"70":0,"71":0,"72":0,"73":0,"74":0,"75":0,"76":0,"77":0,"78":0,"79":0,"80":0,"81":0,"82":0,"83":0,"84":0,"85":0,"86":0,"87":0,"88":0,"89":0,"90":0,"91":0,"92":0,"93":0,"94":0,"95":0,"96":0,"97":0,"98":0,"99":0,"100":0,"101":0,"102":0,"103":0,"104":0,"105":0,"106":0,"107":0,"108":0,"109":0,"110":0,"111":0,"112":0,"113":0,"114":0,"115":0,"116":0,"117":0,"118":0,"119":0,"120":0,"121":0,"122":0,"123":0,"124":0,"125":0,"126":0,"127":0,"128":0,"129":0,"130":0,"131":0,"132":0,"133":0,"134":0,"135":0,"136":0,"137":0,"138":0,"139":0,"140":0,"141":0,"142":0,"143":0,"144":0,"145":0,"146":0,"147":0,"148":0,"149":0,"150":0,"151":0,"152":0,"153":0,"154":0,"155":0,"156":0,"157":0,"158":0,"159":0,"160":0,"161":0,"162":0,"163":0,"164":0,"165":0,"166":0,"167":0,"168":0,"169":0,"170":0,"171":0,"172":0,"173":0,"174":0,"175":0,"176":0,"177":0,"178":0,"179":0,"180":0,"181":0,"182":0,"183":0,"184":0,"185":0,"186":0,"187":3,"188":0,"189":3,"190":3,"191":0,"192":3,"193":0,"194":0,"195":0,"196":3,"197":3,"198":3,"199":0,"200":3,"201":1,"202":3,"203":3,"204":3,"205":3,"206":3,"207":3,"208":3,"209":3,"210":6,"211":3,"212":0,"213":0,"214":3,"215":0,"216":0,"217":0,"218":0,"219":3,"220":3,"221":1,"222":0,"223":0,"224":0,"225":0,"226":0,"227":0,"228":0,"229":0,"230":0,"231":0,"232":1,"233":0,"234":0,"235":0,"236":1,"237":1,"238":1},"f":{"0":1,"1":3,"2":0,"3":0,"4":3,"5":0,"6":0,"7":0,"8":0},"b":{"0":[1,0],"1":[3,0,0,0,0,0,0,0,0,0,0,0,0,0,0,0,0,0,0,0,0,0,0,0,0,0,0,0,0,0,0,0,0,0,0,0,0,0,0,0,0,0,0,0,0,0,0,0,0,0],"2":[3,0],"3":[0,0],"4":[0,0],"5":[0,0],"6":[0,0],"7":[0,0],"8":[0,0],"9":[0,0],"10":[0,0],"11":[0,0],"12":[0,0],"13":[0,0],"14":[0,0],"15":[0,0],"16":[0,0],"17":[0,0],"18":[0,0],"19":[0,0],"20":[0,0],"21":[0,0],"22":[0,3],"23":[0,3],"24":[0,3],"25":[3,0],"26":[0,0],"27":[0,0],"28":[0,0],"29":[0,0,0,0,0,0,0,0],"30":[0,0],"31":[0,0],"32":[0,0],"33":[1,0]},"_coverageSchema":"1a1c01bbd47fc00a2c39e90264f33305004495a9","hash":"981bc07234e9d985a3944c1da81d142d2f1d40cc"}
,"/home/algomorph/Workbench/CodeGrader/code_analysis/code_components.js": {"path":"/home/algomorph/Workbench/CodeGrader/code_analysis/code_components.js","statementMap":{"0":{"start":{"line":7,"column":0},"end":{"line":14,"column":2}},"1":{"start":{"line":18,"column":8},"end":{"line":18,"column":25}},"2":{"start":{"line":19,"column":8},"end":{"line":19,"column":37}},"3":{"start":{"line":20,"column":8},"end":{"line":20,"column":37}},"4":{"start":{"line":21,"column":8},"end":{"line":21,"column":31}},"5":{"start":{"line":22,"column":8},"end":{"line":22,"column":33}},"6":{"start":{"line":23,"column":8},"end":{"line":23,"column":37}},"7":{"start":{"line":24,"column":8},"end":{"line":24,"column":49}},"8":{"start":{"line":28,"column":22},"end":{"line":39,"column":1}},"9":{"start":{"line":41,"column":28},"end":{"line":50,"column":1}},"10":{"start":{"line":54,"column":22},"end":{"line":60,"column":5}},"11":{"start":{"line":64,"column":8},"end":{"line":64,"column":25}},"12":{"start":{"line":65,"column":8},"end":{"line":65,"column":33}},"13":{"start":{"line":66,"column":8},"end":{"line":66,"column":34}},"14":{"start":{"line":67,"column":8},"end":{"line":67,"column":43}},"15":{"start":{"line":68,"column":8},"end":{"line":68,"column":67}},"16":{"start":{"line":69,"column":8},"end":{"line":69,"column":31}},"17":{"start":{"line":70,"column":8},"end":{"line":70,"column":37}},"18":{"start":{"line":72,"column":8},"end":{"line":74,"column":9}},"19":{"start":{"line":73,"column":12},"end":{"line":73,"column":63}},"20":{"start":{"line":75,"column":8},"end":{"line":75,"column":27}},"21":{"start":{"line":76,"column":8},"end":{"line":80,"column":9}},"22":{"start":{"line":77,"column":12},"end":{"line":77,"column":84}},"23":{"start":{"line":79,"column":12},"end":{"line":79,"column":35}},"24":{"start":{"line":82,"column":8},"end":{"line":99,"column":9}},"25":{"start":{"line":83,"column":37},"end":{"line":83,"column":88}},"26":{"start":{"line":83,"column":71},"end":{"line":83,"column":87}},"27":{"start":{"line":84,"column":12},"end":{"line":98,"column":13}},"28":{"start":{"line":85,"column":16},"end":{"line":85,"column":34}},"29":{"start":{"line":86,"column":16},"end":{"line":97,"column":17}},"30":{"start":{"line":88,"column":24},"end":{"line":92,"column":25}},"31":{"start":{"line":89,"column":28},"end":{"line":89,"column":86}},"32":{"start":{"line":91,"column":28},"end":{"line":91,"column":88}},"33":{"start":{"line":93,"column":24},"end":{"line":93,"column":30}},"34":{"start":{"line":95,"column":24},"end":{"line":95,"column":72}},"35":{"start":{"line":96,"column":24},"end":{"line":96,"column":30}},"36":{"start":{"line":101,"column":8},"end":{"line":101,"column":31}},"37":{"start":{"line":114,"column":8},"end":{"line":114,"column":31}},"38":{"start":{"line":116,"column":8},"end":{"line":116,"column":38}},"39":{"start":{"line":117,"column":8},"end":{"line":119,"column":9}},"40":{"start":{"line":118,"column":12},"end":{"line":118,"column":65}},"41":{"start":{"line":125,"column":8},"end":{"line":125,"column":38}},"42":{"start":{"line":127,"column":8},"end":{"line":127,"column":49}},"43":{"start":{"line":128,"column":8},"end":{"line":128,"column":37}},"44":{"start":{"line":129,"column":8},"end":{"line":129,"column":29}},"45":{"start":{"line":131,"column":8},"end":{"line":131,"column":30}},"46":{"start":{"line":135,"column":8},"end":{"line":135,"column":45}},"47":{"start":{"line":136,"column":8},"end":{"line":136,"column":49}},"48":{"start":{"line":152,"column":8},"end":{"line":152,"column":31}},"49":{"start":{"line":153,"column":8},"end":{"line":153,"column":37}},"50":{"start":{"line":154,"column":8},"end":{"line":154,"column":39}},"51":{"start":{"line":158,"column":17},"end":{"line":163,"column":1}},"52":{"start":{"line":165,"column":30},"end":{"line":170,"column":2}},"53":{"start":{"line":172,"column":23},"end":{"line":177,"column":2}},"54":{"start":{"line":190,"column":8},"end":{"line":190,"column":31}},"55":{"start":{"line":191,"column":8},"end":{"line":191,"column":37}},"56":{"start":{"line":192,"column":8},"end":{"line":192,"column":57}},"57":{"start":{"line":193,"column":8},"end":{"line":193,"column":53}},"58":{"start":{"line":194,"column":8},"end":{"line":194,"column":35}},"59":{"start":{"line":195,"column":8},"end":{"line":200,"column":9}},"60":{"start":{"line":196,"column":44},"end":{"line":196,"column":102}},"61":{"start":{"line":198,"column":29},"end":{"line":198,"column":110}},"62":{"start":{"line":199,"column":12},"end":{"line":199,"column":162}},"63":{"start":{"line":205,"column":0},"end":{"line":223,"column":1}},"64":{"start":{"line":206,"column":4},"end":{"line":220,"column":5}},"65":{"start":{"line":207,"column":8},"end":{"line":219,"column":10}}},"fnMap":{"0":{"name":"(anonymous_0)","decl":{"start":{"line":17,"column":4},"end":{"line":17,"column":5}},"loc":{"start":{"line":17,"column":83},"end":{"line":25,"column":5}},"line":17},"1":{"name":"(anonymous_1)","decl":{"start":{"line":62,"column":4},"end":{"line":62,"column":5}},"loc":{"start":{"line":62,"column":78},"end":{"line":102,"column":5}},"line":62},"2":{"name":"(anonymous_2)","decl":{"start":{"line":83,"column":59},"end":{"line":83,"column":60}},"loc":{"start":{"line":83,"column":71},"end":{"line":83,"column":87}},"line":83},"3":{"name":"(anonymous_3)","decl":{"start":{"line":110,"column":4},"end":{"line":110,"column":5}},"loc":{"start":{"line":110,"column":77},"end":{"line":132,"column":5}},"line":110},"4":{"name":"(anonymous_4)","decl":{"start":{"line":134,"column":4},"end":{"line":134,"column":5}},"loc":{"start":{"line":134,"column":42},"end":{"line":137,"column":5}},"line":134},"5":{"name":"(anonymous_5)","decl":{"start":{"line":151,"column":4},"end":{"line":151,"column":5}},"loc":{"start":{"line":151,"column":50},"end":{"line":155,"column":5}},"line":151},"6":{"name":"(anonymous_6)","decl":{"start":{"line":189,"column":4},"end":{"line":189,"column":5}},"loc":{"start":{"line":189,"column":78},"end":{"line":201,"column":5}},"line":189}},"branchMap":{"0":{"loc":{"start":{"line":72,"column":8},"end":{"line":74,"column":9}},"type":"if","locations":[{"start":{"line":72,"column":8},"end":{"line":74,"column":9}},{"start":{"line":72,"column":8},"end":{"line":74,"column":9}}],"line":72},"1":{"loc":{"start":{"line":72,"column":12},"end":{"line":72,"column":123}},"type":"binary-expr","locations":[{"start":{"line":72,"column":12},"end":{"line":72,"column":59}},{"start":{"line":72,"column":63},"end":{"line":72,"column":100}},{"start":{"line":72,"column":104},"end":{"line":72,"column":123}}],"line":72},"2":{"loc":{"start":{"line":76,"column":8},"end":{"line":80,"column":9}},"type":"if","locations":[{"start":{"line":76,"column":8},"end":{"line":80,"column":9}},{"start":{"line":76,"column":8},"end":{"line":80,"column":9}}],"line":76},"3":{"loc":{"start":{"line":82,"column":8},"end":{"line":99,"column":9}},"type":"if","locations":[{"start":{"line":82,"column":8},"end":{"line":99,"column":9}},{"start":{"line":82,"column":8},"end":{"line":99,"column":9}}],"line":82},"4":{"loc":{"start":{"line":82,"column":12},"end":{"line":82,"column":111}},"type":"binary-expr","locations":[{"start":{"line":82,"column":12},"end":{"line":82,"column":58}},{"start":{"line":82,"column":62},"end":{"line":82,"column":111}}],"line":82},"5":{"loc":{"start":{"line":84,"column":12},"end":{"line":98,"column":13}},"type":"if","locations":[{"start":{"line":84,"column":12},"end":{"line":98,"column":13}},{"start":{"line":84,"column":12},"end":{"line":98,"column":13}}],"line":84},"6":{"loc":{"start":{"line":86,"column":16},"end":{"line":97,"column":17}},"type":"switch","locations":[{"start":{"line":87,"column":20},"end":{"line":93,"column":30}},{"start":{"line":94,"column":20},"end":{"line":96,"column":30}}],"line":86},"7":{"loc":{"start":{"line":88,"column":24},"end":{"line":92,"column":25}},"type":"if","locations":[{"start":{"line":88,"column":24},"end":{"line":92,"column":25}},{"start":{"line":88,"column":24},"end":{"line":92,"column":25}}],"line":88},"8":{"loc":{"start":{"line":110,"column":61},"end":{"line":110,"column":75}},"type":"default-arg","locations":[{"start":{"line":110,"column":70},"end":{"line":110,"column":75}}],"line":110},"9":{"loc":{"start":{"line":195,"column":8},"end":{"line":200,"column":9}},"type":"if","locations":[{"start":{"line":195,"column":8},"end":{"line":200,"column":9}},{"start":{"line":195,"column":8},"end":{"line":200,"column":9}}],"line":195},"10":{"loc":{"start":{"line":198,"column":29},"end":{"line":198,"column":110}},"type":"cond-expr","locations":[{"start":{"line":198,"column":72},"end":{"line":198,"column":105}},{"start":{"line":198,"column":108},"end":{"line":198,"column":110}}],"line":198},"11":{"loc":{"start":{"line":206,"column":4},"end":{"line":220,"column":5}},"type":"if","locations":[{"start":{"line":206,"column":4},"end":{"line":220,"column":5}},{"start":{"line":206,"column":4},"end":{"line":220,"column":5}}],"line":206}},"s":{"0":1,"1":0,"2":0,"3":0,"4":0,"5":0,"6":0,"7":0,"8":1,"9":1,"10":1,"11":6,"12":6,"13":6,"14":6,"15":6,"16":6,"17":6,"18":6,"19":0,"20":6,"21":6,"22":3,"23":3,"24":6,"25":0,"26":0,"27":0,"28":0,"29":0,"30":0,"31":0,"32":0,"33":0,"34":0,"35":0,"36":6,"37":6,"38":6,"39":6,"40":6,"41":6,"42":6,"43":6,"44":6,"45":6,"46":0,"47":0,"48":0,"49":0,"50":0,"51":1,"52":1,"53":1,"54":0,"55":0,"56":0,"57":0,"58":0,"59":0,"60":0,"61":0,"62":0,"63":1,"64":1,"65":1},"f":{"0":0,"1":6,"2":0,"3":6,"4":0,"5":0,"6":0},"b":{"0":[0,6],"1":[6,0,0],"2":[3,3],"3":[0,6],"4":[6,6],"5":[0,0],"6":[0,0],"7":[0,0],"8":[6],"9":[0,0],"10":[0,0],"11":[1,0]},"_coverageSchema":"1a1c01bbd47fc00a2c39e90264f33305004495a9","hash":"f0deef631ffe1780fd684d13d9b1b1e79a665a3b"}
,"/home/algomorph/Workbench/CodeGrader/code_analysis/code_entity.js": {"path":"/home/algomorph/Workbench/CodeGrader/code_analysis/code_entity.js","statementMap":{"0":{"start":{"line":6,"column":18},"end":{"line":6,"column":22}},"1":{"start":{"line":10,"column":8},"end":{"line":10,"column":38}},"2":{"start":{"line":15,"column":8},"end":{"line":15,"column":17}},"3":{"start":{"line":20,"column":8},"end":{"line":20,"column":21}},"4":{"start":{"line":28,"column":8},"end":{"line":28,"column":18}},"5":{"start":{"line":36,"column":8},"end":{"line":36,"column":122}},"6":{"start":{"line":44,"column":8},"end":{"line":44,"column":58}},"7":{"start":{"line":52,"column":8},"end":{"line":52,"column":120}},"8":{"start":{"line":60,"column":8},"end":{"line":60,"column":18}},"9":{"start":{"line":66,"column":8},"end":{"line":66,"column":18}},"10":{"start":{"line":75,"column":8},"end":{"line":75,"column":125}},"11":{"start":{"line":79,"column":8},"end":{"line":84,"column":10}},"12":{"start":{"line":90,"column":0},"end":{"line":96,"column":1}},"13":{"start":{"line":91,"column":4},"end":{"line":93,"column":5}},"14":{"start":{"line":92,"column":8},"end":{"line":92,"column":35}}},"fnMap":{"0":{"name":"(anonymous_0)","decl":{"start":{"line":9,"column":4},"end":{"line":9,"column":5}},"loc":{"start":{"line":9,"column":28},"end":{"line":11,"column":5}},"line":9},"1":{"name":"(anonymous_1)","decl":{"start":{"line":14,"column":4},"end":{"line":14,"column":5}},"loc":{"start":{"line":14,"column":16},"end":{"line":16,"column":5}},"line":14},"2":{"name":"(anonymous_2)","decl":{"start":{"line":19,"column":4},"end":{"line":19,"column":5}},"loc":{"start":{"line":19,"column":17},"end":{"line":21,"column":5}},"line":19},"3":{"name":"(anonymous_3)","decl":{"start":{"line":27,"column":4},"end":{"line":27,"column":5}},"loc":{"start":{"line":27,"column":26},"end":{"line":29,"column":5}},"line":27},"4":{"name":"(anonymous_4)","decl":{"start":{"line":35,"column":4},"end":{"line":35,"column":5}},"loc":{"start":{"line":35,"column":20},"end":{"line":37,"column":5}},"line":35},"5":{"name":"(anonymous_5)","decl":{"start":{"line":43,"column":4},"end":{"line":43,"column":5}},"loc":{"start":{"line":43,"column":18},"end":{"line":45,"column":5}},"line":43},"6":{"name":"(anonymous_6)","decl":{"start":{"line":51,"column":4},"end":{"line":51,"column":5}},"loc":{"start":{"line":51,"column":18},"end":{"line":53,"column":5}},"line":51},"7":{"name":"(anonymous_7)","decl":{"start":{"line":59,"column":4},"end":{"line":59,"column":5}},"loc":{"start":{"line":59,"column":29},"end":{"line":61,"column":5}},"line":59},"8":{"name":"(anonymous_8)","decl":{"start":{"line":65,"column":4},"end":{"line":65,"column":5}},"loc":{"start":{"line":65,"column":19},"end":{"line":67,"column":5}},"line":65},"9":{"name":"(anonymous_9)","decl":{"start":{"line":74,"column":4},"end":{"line":74,"column":5}},"loc":{"start":{"line":74,"column":28},"end":{"line":76,"column":5}},"line":74},"10":{"name":"(anonymous_10)","decl":{"start":{"line":78,"column":4},"end":{"line":78,"column":5}},"loc":{"start":{"line":78,"column":36},"end":{"line":85,"column":5}},"line":78}},"branchMap":{"0":{"loc":{"start":{"line":91,"column":4},"end":{"line":93,"column":5}},"type":"if","locations":[{"start":{"line":91,"column":4},"end":{"line":93,"column":5}},{"start":{"line":91,"column":4},"end":{"line":93,"column":5}}],"line":91}},"s":{"0":0,"1":0,"2":0,"3":0,"4":0,"5":0,"6":0,"7":0,"8":0,"9":0,"10":0,"11":0,"12":1,"13":1,"14":1},"f":{"0":0,"1":0,"2":0,"3":0,"4":0,"5":0,"6":0,"7":0,"8":0,"9":0,"10":0},"b":{"0":[1,0]},"_coverageSchema":"1a1c01bbd47fc00a2c39e90264f33305004495a9","hash":"0c7e35a77378ee67e71e0194aada9aa60fd8c751"}
,"/home/algomorph/Workbench/CodeGrader/code_analysis/code_file.js": {"path":"/home/algomorph/Workbench/CodeGrader/code_analysis/code_file.js","statementMap":{"0":{"start":{"line":10,"column":8},"end":{"line":10,"column":33}},"1":{"start":{"line":11,"column":8},"end":{"line":11,"column":37}},"2":{"start":{"line":12,"column":8},"end":{"line":12,"column":48}},"3":{"start":{"line":13,"column":8},"end":{"line":13,"column":79}},"4":{"start":{"line":13,"column":62},"end":{"line":13,"column":77}},"5":{"start":{"line":14,"column":21},"end":{"line":14,"column":22}},"6":{"start":{"line":16,"column":8},"end":{"line":16,"column":35}},"7":{"start":{"line":18,"column":8},"end":{"line":18,"column":33}},"8":{"start":{"line":19,"column":8},"end":{"line":23,"column":11}},"9":{"start":{"line":20,"column":12},"end":{"line":20,"column":47}},"10":{"start":{"line":21,"column":12},"end":{"line":21,"column":29}},"11":{"start":{"line":22,"column":12},"end":{"line":22,"column":45}},"12":{"start":{"line":24,"column":8},"end":{"line":24,"column":39}},"13":{"start":{"line":25,"column":8},"end":{"line":25,"column":53}},"14":{"start":{"line":26,"column":8},"end":{"line":26,"column":37}},"15":{"start":{"line":29,"column":8},"end":{"line":29,"column":31}},"16":{"start":{"line":34,"column":0},"end":{"line":40,"column":1}},"17":{"start":{"line":35,"column":4},"end":{"line":37,"column":5}},"18":{"start":{"line":36,"column":8},"end":{"line":36,"column":34}}},"fnMap":{"0":{"name":"(anonymous_0)","decl":{"start":{"line":9,"column":4},"end":{"line":9,"column":5}},"loc":{"start":{"line":9,"column":83},"end":{"line":30,"column":5}},"line":9},"1":{"name":"(anonymous_1)","decl":{"start":{"line":13,"column":50},"end":{"line":13,"column":51}},"loc":{"start":{"line":13,"column":62},"end":{"line":13,"column":77}},"line":13},"2":{"name":"(anonymous_2)","decl":{"start":{"line":19,"column":37},"end":{"line":19,"column":38}},"loc":{"start":{"line":19,"column":47},"end":{"line":23,"column":9}},"line":19}},"branchMap":{"0":{"loc":{"start":{"line":35,"column":4},"end":{"line":37,"column":5}},"type":"if","locations":[{"start":{"line":35,"column":4},"end":{"line":37,"column":5}},{"start":{"line":35,"column":4},"end":{"line":37,"column":5}}],"line":35}},"s":{"0":3,"1":3,"2":3,"3":3,"4":6,"5":3,"6":3,"7":3,"8":3,"9":6,"10":6,"11":6,"12":3,"13":3,"14":3,"15":3,"16":1,"17":1,"18":1},"f":{"0":3,"1":6,"2":6},"b":{"0":[1,0]},"_coverageSchema":"1a1c01bbd47fc00a2c39e90264f33305004495a9","hash":"caa92d187a8f1af46e6de82cfea77fae7b1c7812"}
,"/home/algomorph/Workbench/CodeGrader/code_analysis/module.js": {"path":"/home/algomorph/Workbench/CodeGrader/code_analysis/module.js","statementMap":{"0":{"start":{"line":5,"column":20},"end":{"line":5,"column":22}},"1":{"start":{"line":7,"column":0},"end":{"line":9,"column":23}},"2":{"start":{"line":8,"column":4},"end":{"line":8,"column":44}},"3":{"start":{"line":12,"column":0},"end":{"line":18,"column":1}},"4":{"start":{"line":13,"column":4},"end":{"line":15,"column":5}},"5":{"start":{"line":14,"column":8},"end":{"line":14,"column":39}}},"fnMap":{"0":{"name":"(anonymous_0)","decl":{"start":{"line":7,"column":1},"end":{"line":7,"column":2}},"loc":{"start":{"line":7,"column":13},"end":{"line":9,"column":1}},"line":7}},"branchMap":{"0":{"loc":{"start":{"line":13,"column":4},"end":{"line":15,"column":5}},"type":"if","locations":[{"start":{"line":13,"column":4},"end":{"line":15,"column":5}},{"start":{"line":13,"column":4},"end":{"line":15,"column":5}}],"line":13}},"s":{"0":1,"1":1,"2":1,"3":1,"4":1,"5":1},"f":{"0":1},"b":{"0":[1,0]},"_coverageSchema":"1a1c01bbd47fc00a2c39e90264f33305004495a9","hash":"b2346ac61922a77211b8fd82a9b7ab9a27658889"}
,"/home/algomorph/Workbench/CodeGrader/code_analysis/type_information.js": {"path":"/home/algomorph/Workbench/CodeGrader/code_analysis/type_information.js","statementMap":{"0":{"start":{"line":11,"column":8},"end":{"line":11,"column":30}},"1":{"start":{"line":13,"column":8},"end":{"line":13,"column":31}},"2":{"start":{"line":14,"column":8},"end":{"line":14,"column":46}},"3":{"start":{"line":15,"column":8},"end":{"line":15,"column":51}},"4":{"start":{"line":17,"column":8},"end":{"line":17,"column":24}},"5":{"start":{"line":19,"column":8},"end":{"line":19,"column":25}},"6":{"start":{"line":20,"column":8},"end":{"line":20,"column":37}},"7":{"start":{"line":21,"column":8},"end":{"line":21,"column":36}},"8":{"start":{"line":22,"column":8},"end":{"line":22,"column":35}},"9":{"start":{"line":23,"column":8},"end":{"line":23,"column":30}},"10":{"start":{"line":25,"column":8},"end":{"line":25,"column":25}},"11":{"start":{"line":26,"column":8},"end":{"line":26,"column":30}},"12":{"start":{"line":31,"column":0},"end":{"line":37,"column":1}},"13":{"start":{"line":32,"column":4},"end":{"line":34,"column":5}},"14":{"start":{"line":33,"column":8},"end":{"line":33,"column":41}}},"fnMap":{"0":{"name":"(anonymous_0)","decl":{"start":{"line":9,"column":4},"end":{"line":9,"column":5}},"loc":{"start":{"line":9,"column":18},"end":{"line":27,"column":5}},"line":9}},"branchMap":{"0":{"loc":{"start":{"line":32,"column":4},"end":{"line":34,"column":5}},"type":"if","locations":[{"start":{"line":32,"column":4},"end":{"line":34,"column":5}},{"start":{"line":32,"column":4},"end":{"line":34,"column":5}}],"line":32}},"s":{"0":3,"1":3,"2":3,"3":3,"4":3,"5":3,"6":3,"7":3,"8":3,"9":3,"10":3,"11":3,"12":1,"13":1,"14":1},"f":{"0":3},"b":{"0":[1,0]},"_coverageSchema":"1a1c01bbd47fc00a2c39e90264f33305004495a9","hash":"cf5b9e62aef75df3108ade675fc82909d8e56b7d"}
,"/home/algomorph/Workbench/CodeGrader/modules/brace_style_module.js": {"path":"/home/algomorph/Workbench/CodeGrader/modules/brace_style_module.js","statementMap":{"0":{"start":{"line":4,"column":25},"end":{"line":4,"column":27}},"1":{"start":{"line":6,"column":0},"end":{"line":849,"column":29}},"2":{"start":{"line":15,"column":12},"end":{"line":15,"column":35}},"3":{"start":{"line":16,"column":12},"end":{"line":16,"column":47}},"4":{"start":{"line":20,"column":4},"end":{"line":22,"column":5}},"5":{"start":{"line":21,"column":8},"end":{"line":21,"column":29}},"6":{"start":{"line":39,"column":12},"end":{"line":39,"column":29}},"7":{"start":{"line":40,"column":12},"end":{"line":40,"column":33}},"8":{"start":{"line":41,"column":12},"end":{"line":41,"column":45}},"9":{"start":{"line":42,"column":12},"end":{"line":42,"column":33}},"10":{"start":{"line":56,"column":12},"end":{"line":56,"column":31}},"11":{"start":{"line":57,"column":12},"end":{"line":57,"column":27}},"12":{"start":{"line":61,"column":34},"end":{"line":74,"column":5}},"13":{"start":{"line":76,"column":23},"end":{"line":80,"column":5}},"14":{"start":{"line":82,"column":22},"end":{"line":86,"column":5}},"15":{"start":{"line":88,"column":32},"end":{"line":94,"column":5}},"16":{"start":{"line":96,"column":48},"end":{"line":102,"column":6}},"17":{"start":{"line":104,"column":43},"end":{"line":110,"column":6}},"18":{"start":{"line":112,"column":40},"end":{"line":118,"column":6}},"19":{"start":{"line":129,"column":12},"end":{"line":129,"column":39}},"20":{"start":{"line":130,"column":12},"end":{"line":130,"column":39}},"21":{"start":{"line":131,"column":12},"end":{"line":131,"column":29}},"22":{"start":{"line":132,"column":12},"end":{"line":132,"column":33}},"23":{"start":{"line":136,"column":12},"end":{"line":136,"column":70}},"24":{"start":{"line":140,"column":12},"end":{"line":140,"column":75}},"25":{"start":{"line":159,"column":12},"end":{"line":159,"column":43}},"26":{"start":{"line":160,"column":12},"end":{"line":160,"column":45}},"27":{"start":{"line":161,"column":12},"end":{"line":161,"column":57}},"28":{"start":{"line":162,"column":12},"end":{"line":162,"column":46}},"29":{"start":{"line":163,"column":12},"end":{"line":163,"column":53}},"30":{"start":{"line":164,"column":12},"end":{"line":164,"column":50}},"31":{"start":{"line":180,"column":12},"end":{"line":180,"column":53}},"32":{"start":{"line":181,"column":12},"end":{"line":181,"column":51}},"33":{"start":{"line":182,"column":12},"end":{"line":182,"column":49}},"34":{"start":{"line":183,"column":12},"end":{"line":183,"column":47}},"35":{"start":{"line":195,"column":12},"end":{"line":195,"column":35}},"36":{"start":{"line":196,"column":12},"end":{"line":196,"column":37}},"37":{"start":{"line":197,"column":12},"end":{"line":197,"column":35}},"38":{"start":{"line":209,"column":12},"end":{"line":209,"column":45}},"39":{"start":{"line":210,"column":12},"end":{"line":210,"column":45}},"40":{"start":{"line":211,"column":12},"end":{"line":211,"column":53}},"41":{"start":{"line":218,"column":27},"end":{"line":229,"column":6}},"42":{"start":{"line":240,"column":12},"end":{"line":240,"column":35}},"43":{"start":{"line":242,"column":12},"end":{"line":242,"column":33}},"44":{"start":{"line":243,"column":12},"end":{"line":245,"column":13}},"45":{"start":{"line":244,"column":16},"end":{"line":244,"column":65}},"46":{"start":{"line":249,"column":12},"end":{"line":249,"column":41}},"47":{"start":{"line":253,"column":12},"end":{"line":253,"column":60}},"48":{"start":{"line":257,"column":12},"end":{"line":257,"column":46}},"49":{"start":{"line":264,"column":26},"end":{"line":264,"column":28}},"50":{"start":{"line":265,"column":12},"end":{"line":274,"column":13}},"51":{"start":{"line":266,"column":16},"end":{"line":268,"column":17}},"52":{"start":{"line":267,"column":20},"end":{"line":267,"column":163}},"53":{"start":{"line":269,"column":16},"end":{"line":273,"column":17}},"54":{"start":{"line":270,"column":20},"end":{"line":272,"column":21}},"55":{"start":{"line":271,"column":24},"end":{"line":
[...]
],"line":259},"19":{"loc":{"start":{"line":259,"column":20},"end":{"line":259,"column":85}},"type":"binary-expr","locations":[{"start":{"line":259,"column":20},"end":{"line":259,"column":41}},{"start":{"line":259,"column":45},"end":{"line":259,"column":85}}],"line":259},"20":{"loc":{"start":{"line":271,"column":8},"end":{"line":285,"column":9}},"type":"if","locations":[{"start":{"line":271,"column":8},"end":{"line":285,"column":9}},{"start":{"line":271,"column":8},"end":{"line":285,"column":9}}],"line":271},"21":{"loc":{"start":{"line":287,"column":8},"end":{"line":289,"column":9}},"type":"if","locations":[{"start":{"line":287,"column":8},"end":{"line":289,"column":9}},{"start":{"line":287,"column":8},"end":{"line":289,"column":9}}],"line":287},"22":{"loc":{"start":{"line":292,"column":12},"end":{"line":294,"column":13}},"type":"if","locations":[{"start":{"line":292,"column":12},"end":{"line":294,"column":13}},{"start":{"line":292,"column":12},"end":{"line":294,"column":13}}],"line":292},"23":{"loc":{"start":{"line":305,"column":8},"end":{"line":307,"column":9}},"type":"if","locations":[{"start":{"line":305,"column":8},"end":{"line":307,"column":9}},{"start":{"line":305,"column":8},"end":{"line":307,"column":9}}],"line":305},"24":{"loc":{"start":{"line":328,"column":8},"end":{"line":330,"column":9}},"type":"if","locations":[{"start":{"line":328,"column":8},"end":{"line":330,"column":9}},{"start":{"line":328,"column":8},"end":{"line":330,"column":9}}],"line":328},"25":{"loc":{"start":{"line":331,"column":8},"end":{"line":333,"column":9}},"type":"if","locations":[{"start":{"line":331,"column":8},"end":{"line":333,"column":9}},{"start":{"line":331,"column":8},"end":{"line":333,"column":9}}],"line":331},"26":{"loc":{"start":{"line":352,"column":16},"end":{"line":355,"column":17}},"type":"if","locations":[{"start":{"line":352,"column":16},"end":{"line":355,"column":17}},{"start":{"line":352,"column":16},"end":{"line":355,"column":17}}],"line":352},"27":{"loc":{"start":{"line":353,"column":115},"end":{"line":353,"column":206}},"type":"binary-expr","locations":[{"start":{"line":353,"column":115},"end":{"line":353,"column":152}},{"start":{"line":353,"column":156},"end":{"line":353,"column":206}}],"line":353},"28":{"loc":{"start":{"line":357,"column":16},"end":{"line":367,"column":17}},"type":"if","locations":[{"start":{"line":357,"column":16},"end":{"line":367,"column":17}},{"start":{"line":357,"column":16},"end":{"line":367,"column":17}}],"line":357},"29":{"loc":{"start":{"line":364,"column":21},"end":{"line":367,"column":17}},"type":"if","locations":[{"start":{"line":364,"column":21},"end":{"line":367,"column":17}},{"start":{"line":364,"column":21},"end":{"line":367,"column":17}}],"line":364}},"s":{"0":0,"1":0,"2":0,"3":0,"4":0,"5":0,"6":0,"7":0,"8":0,"9":0,"10":0,"11":0,"12":0,"13":0,"14":0,"15":0,"16":0,"17":0,"18":0,"19":0,"20":0,"21":0,"22":0,"23":0,"24":0,"25":0,"26":0,"27":0,"28":0,"29":0,"30":0,"31":0,"32":0,"33":0,"34":0,"35":0,"36":0,"37":0,"38":0,"39":0,"40":0,"41":0,"42":0,"43":0,"44":0,"45":0,"46":0,"47":0,"48":0,"49":0,"50":0,"51":0,"52":0,"53":0,"54":0,"55":0,"56":0,"57":0,"58":0,"59":0,"60":0,"61":0,"62":0,"63":0,"64":0,"65":0,"66":0,"67":0,"68":0,"69":0,"70":0,"71":0,"72":0,"73":0,"74":0,"75":0,"76":0,"77":0,"78":0,"79":0,"80":0,"81":0,"82":0,"83":0,"84":0,"85":0,"86":0,"87":0,"88":0,"89":0,"90":0,"91":0,"92":0,"93":0,"94":0,"95":0,"96":0,"97":0,"98":0,"99":0,"100":0,"101":0,"102":0,"103":0,"104":0,"105":0,"106":0,"107":0,"108":0,"109":0,"110":0,"111":0,"112":0,"113":0,"114":0,"115":0,"116":0,"117":0,"118":0,"119":0,"120":0,"121":0,"122":0,"123":0,"124":0,"125":0,"126":0,"127":0,"128":0,"129":0,"130":0,"131":0,"132":0,"133":0,"134":0,"135":0,"136":0,"137":0,"138":0,"139":0,"140":0,"141":0,"142":0,"143":0,"144":0,"145":0,"146":0,"147":0,"148":0,"149":0,"150":0,"151":0,"152":0,"153":0,"154":0},"f":{"0":0,"1":0,"2":0,"3":0,"4":0,"5":0,"6":0,"7":0,"8":0,"9":0,"10":0,"11":0,"12":0,"13":0,"14":0,"15":0,"16":0,"17":0,"18":0,"19":0,"20":0,"21":0,"22":0,"23":0,"24":0,"25":0,"26":0,"27":0,"28":0},"b":{"0":[0],"1":[0],"2":[0,0],"3":[0,0],"4":[0,0],"5":[0,0],"6":[0,0],"7":[0,0],"8":[0,0],"9":[0,0],"10":[0,0],"11":[0,0],"12":[0,0],"13":[0,0],"14":[0,0],"15":[0,0],"16":[0,0],"17":[0,0],"18":[0,0],"19":[0,0],"20":[0,0],"21":[0,0],"22":[0,0],"23":[0,0],"24":[0,0],"25":[0,0],"26":[0,0],"27":[0,0],"28":[0,0],"29":[0,0]}}
,"/home/algomorph/Workbench/CodeGrader/modules/unused_code_module.js": {"path":"/home/algomorph/Workbench/CodeGrader/modules/unused_code_module.js","statementMap":{"0":{"start":{"line":5,"column":25},"end":{"line":5,"column":27}},"1":{"start":{"line":7,"column":0},"end":{"line":254,"column":29}},"2":{"start":{"line":27,"column":12},"end":{"line":27,"column":35}},"3":{"start":{"line":28,"column":12},"end":{"line":28,"column":47}},"4":{"start":{"line":29,"column":12},"end":{"line":29,"column":49}},"5":{"start":{"line":30,"column":12},"end":{"line":30,"column":45}},"6":{"start":{"line":31,"column":12},"end":{"line":31,"column":41}},"7":{"start":{"line":32,"column":12},"end":{"line":32,"column":45}},"8":{"start":{"line":36,"column":4},"end":{"line":38,"column":5}},"9":{"start":{"line":37,"column":8},"end":{"line":37,"column":29}},"10":{"start":{"line":40,"column":37},"end":{"line":51,"column":6}},"11":{"start":{"line":53,"column":38},"end":{"line":64,"column":6}},"12":{"start":{"line":66,"column":24},"end":{"line":66,"column":33}},"13":{"start":{"line":78,"column":12},"end":{"line":78,"column":30}},"14":{"start":{"line":79,"column":12},"end":{"line":79,"column":32}},"15":{"start":{"line":83,"column":12},"end":{"line":83,"column":59}},"16":{"start":{"line":87,"column":12},"end":{"line":88,"column":68}},"17":{"start":{"line":92,"column":12},"end":{"line":92,"column":31}},"18":{"start":{"line":106,"column":12},"end":{"line":106,"column":30}},"19":{"start":{"line":107,"column":12},"end":{"line":107,"column":44}},"20":{"start":{"line":108,"column":12},"end":{"line":109,"column":52}},"21":{"start":{"line":113,"column":12},"end":{"line":113,"column":22}},"22":{"start":{"line":117,"column":12},"end":{"line":117,"column":24}},"23":{"start":{"line":121,"column":12},"end":{"line":121,"column":86}},"24":{"start":{"line":125,"column":12},"end":{"line":125,"column":42}},"25":{"start":{"line":129,"column":12},"end":{"line":129,"column":63}},"26":{"start":{"line":133,"column":12},"end":{"line":133,"column":33}},"27":{"start":{"line":137,"column":12},"end":{"line":137,"column":33}},"28":{"start":{"line":141,"column":12},"end":{"line":141,"column":31}},"29":{"start":{"line":146,"column":22},"end":{"line":146,"column":27}},"30":{"start":{"line":153,"column":4},"end":{"line":163,"column":5}},"31":{"start":{"line":154,"column":8},"end":{"line":154,"column":71}},"32":{"start":{"line":156,"column":8},"end":{"line":158,"column":9}},"33":{"start":{"line":157,"column":12},"end":{"line":157,"column":19}},"34":{"start":{"line":160,"column":8},"end":{"line":160,"column":37}},"35":{"start":{"line":161,"column":8},"end":{"line":161,"column":25}},"36":{"start":{"line":162,"column":8},"end":{"line":162,"column":27}},"37":{"start":{"line":169,"column":4},"end":{"line":218,"column":5}},"38":{"start":{"line":170,"column":8},"end":{"line":172,"column":9}},"39":{"start":{"line":171,"column":12},"end":{"line":171,"column":19}},"40":{"start":{"line":174,"column":41},"end":{"line":174,"column":94}},"41":{"start":{"line":175,"column":8},"end":{"line":177,"column":9}},"42":{"start":{"line":176,"column":12},"end":{"line":176,"column":63}},"43":{"start":{"line":178,"column":8},"end":{"line":181,"column":9}},"44":{"start":{"line":179,"column":12},"end":{"line":179,"column":65}},"45":{"start":{"line":180,"column":12},"end":{"line":180,"column":70}},"46":{"start":{"line":182,"column":8},"end":{"line":188,"column":9}},"47":{"start":{"line":183,"column":12},"end":{"line":183,"column":64}},"48":{"start":{"line":184,"column":12},"end":{"line":184,"column":79}},"49":{"start":{"line":185,"column":12},"end":{"line":185,"column":77}},"50":{"start":{"line":186,"column":12},"end":{"line":186,"column":67}},"51":{"start":{"line":187,"column":12},"end":{"line":187,"column":67}},"52":{"start":{"line":190,"column":35},"end":{"line":190,"column":67}},"53":{"start":{"line":192,"column":8},"end":{"line":217,"column":9}},"54":{"start":{"line":194,"column":12},"end":{"line":216,"column":13}},"55":{"start":{"line":195,"column":42},"end":{"line":195,"column":65}},"56":{"start":{"line":196,"column":16},"end":{"line":198,"column":17}},"57":{"start":{"line":197,"column":20},"end":{"line":197,"column":85}},"58":{"start":{"line":199,"column":16},"end":{"line":199,"column":67}},"59":{"start":{"line":202,"column":33},"end":{"line":202,"column":42}},"60":{"start":{"line":204,"column":16},"end":{"line":209,"column":17}},"61":{"start":{"line":205,"column":20},"end":{"line":208,"column":21}},"62":{"start":{"line":206,"column":24},"end":{"line":206,"column":61}},"63":{"start":{"line":207,"column":24},"end":{"line":207,"column":129}},"64":{"start":{"line":210,"column":16},"end":{"line":215,"column":17}},"65":{"start":{"line":211,"column":20},"end":{"line":214,"column":21}},"66":{"start":{"line":212,"column":43},"end":{"line":212,"column":108}},"67":{"start":{"line":213,"column":24},"end":{"line":213,"column":94}},"68":{"start":{"line":224,"column":4},"end":{"line":238,"column":5}},"69":{"start":{"line":225,"column":8},"end":{"line":227,"column":9}},"70":{"start":{"line":226,"column":12},"end":{"line":226,"column":19}},"71":{"start":{"line":228,"column":8},"end":{"line":228,"column":84}},"72":{"start":{"line":229,"column":8},"end":{"line":232,"column":9}},"73":{"start":{"line":230,"column":12},"end":{"line":230,"column":56}},"74":{"start":{"line":231,"column":12},"end":{"line":231,"column":62}},"75":{"start":{"line":233,"column":8},"end":{"line":237,"column":9}},"76":{"start":{"line":234,"column":12},"end":{"line":236,"column":13}},"77":{"start":{"line":235,"column":16},"end":{"line":235,"column":55}},"78":{"start":{"line":244,"column":4},"end":{"line":252,"column":5}},"79":{"start":{"line":245,"column":8},"end":{"line":247,"column":9}},"80":{"start":{"line":246,"column":12},"end":{"line":246,"column":22}},"81":{"start":{"line":248,"column":8},"end":{"line":250,"column":9}},"82":{"start":{"line":249,"column":12},"end":{"line":249,"column":89}},"83":{"start":{"line":251,"column":8},"end":{"line":251,"column":59}}},"fnMap":{"0":{"name":"(anonymous_0)","decl":{"start":{"line":7,"column":1},"end":{"line":7,"column":2}},"loc":{"start":{"line":7,"column":13},"end":{"line":254,"column":1}},"line":7},"1":{"name":"(anonymous_1)","decl":{"start":{"line":21,"column":8},"end":{"line":21,"column":9}},"loc":{"start":{"line":26,"column":51},"end":{"line":33,"column":9}},"line":26},"2":{"name":"(anonymous_2)","decl":{"start":{"line":36,"column":29},"end":{"line":36,"column":30}},"loc":{"start":{"line":36,"column":41},"end":{"line":38,"column":5}},"line":36},"3":{"name":"(anonymous_3)","decl":{"start":{"line":77,"column":8},"end":{"line":77,"column":9}},"loc":{"start":{"line":77,"column":39},"end":{"line":80,"column":9}},"line":77},"4":{"name":"(anonymous_4)","decl":{"start":{"line":82,"column":8},"end":{"line":82,"column":9}},"loc":{"start":{"line":82,"column":25},"end":{"line":84,"column":9}},"line":82},"5":{"name":"(anonymous_5)","decl":{"start":{"line":86,"column":8},"end":{"line":86,"column":9}},"loc":{"start":{"line":86,"column":23},"end":{"line":89,"column":9}},"line":86},"6":{"name":"(anonymous_6)","decl":{"start":{"line":91,"column":8},"end":{"line":91,"column":9}},"loc":{"start":{"line":91,"column":24},"end":{"line":93,"column":9}},"line":91},"7":{"name":"(anonymous_7)","decl":{"start":{"line":105,"column":8},"end":{"line":105,"column":9}},"loc":{"start":{"line":105,"column":45},"end":{"line":110,"column":9}},"line":105},"8":{"name":"(anonymous_8)","decl":{"start":{"line":112,"column":8},"end":{"line":112,"column":9}},"loc":{"start":{"line":112,"column":20},"end":{"line":114,"column":9}},"line":112},"9":{"name":"(anonymous_9)","decl":{"start":{"line":116,"column":8},"end":{"line":116,"column":9}},"loc":{"start":{"line":116,"column":21},"end":{"line":118,"column":9}},"line":116},"10":{"name":"(anonymous_10)","decl":{"start":{"line":120,"column":8},"end":{"line":120,"column":9}},"loc":{"start":{"line":120,"column":30},"end":{"line":122,"column":9}},"line":120},"11":{"name":"(anonymous_11)","decl":{"start":{"line":124,"column":8},"end":{"line":124,"column":9}},"loc":{"start":{"line":124,"column":24},"end":{"line":126,"column":9}},"line":124},"12":{"name":"(anonymous_12)","decl":{"start":{"line":128,"column":8},"end":{"line":128,"column":9}},"loc":{"start":{"line":128,"column":22},"end":{"line":130,"column":9}},"line":128},"13":{"name":"(anonymous_13)","decl":{"start":{"line":132,"column":8},"end":{"line":132,"column":9}},"loc":{"start":{"line":132,"column":33},"end":{"line":134,"column":9}},"line":132},"14":{"name":"(anonymous_14)","decl":{"start":{"line":136,"column":8},"end":{"line":136,"column":9}},"loc":{"start":{"line":136,"column":22},"end":{"line":138,"column":9}},"line":136},"15":{"name":"(anonymous_15)","decl":{"start":{"line":140,"column":8},"end":{"line":140,"column":9}},"loc":{"start":{"line":140,"column":23},"end":{"line":142,"column":9}},"line":140},"16":{"name":"(anonymous_16)","decl":{"start":{"line":153,"column":22},"end":{"line":153,"column":23}},"loc":{"start":{"line":153,"column":48},"end":{"line":163,"column":5}},"line":153},"17":{"name":"(anonymous_17)","decl":{"start":{"line":169,"column":23},"end":{"line":169,"column":24}},"loc":{"start":{"line":169,"column":49},"end":{"line":218,"column":5}},"line":169},"18":{"name":"(anonymous_18)","decl":{"start":{"line":224,"column":28},"end":{"line":224,"column":29}},"loc":{"start":{"line":224,"column":47},"end":{"line":238,"column":5}},"line":224},"19":{"name":"(anonymous_19)","decl":{"start":{"line":244,"column":27},"end":{"line":244,"column":28}},"loc":{"start":{"line":244,"column":39},"end":{"line":252,"column":5}},"line":244}},"branchMap":{"0":{"loc":{"start":{"line":21,"column":20},"end":{"line":21,"column":35}},"type":"default-arg","locations":[{"start":{"line":21,"column":30},"end":{"line":21,"column":35}}],"line":21},"1":{"loc":{"start":{"line":22,"column":20},"end":{"line":22,"column":41}},"type":"default-arg","locations":[{"start":{"line":22,"column":36},"end":{"line":22,"column":41}}],"line":22},"2":{"loc":{"start":{"line":23,"column":20},"end":{"line":23,"column":41}},"type":"default-arg","locations":[{"start":{"line":23,"column":37},"end":{"line":23,"column":41}}],"line":23},"3":{"loc":{"start":{"line":24,"column":20},"end":{"line":24,"column":40}},"type":"default-arg","locations":[{"start":{"line":24,"column":35},"end":{"line":24,"column":40}}],"line":24},"4":{"loc":{"start":{"line":25,"column":20},"end":{"line":25,"column":38}},"type":"default-arg","locations":[{"start":{"line":25,"column":33},"end":{"line":25,"column":38}}],"line":25},"5":{"loc":{"start":{"line":26,"column":20},"end":{"line":26,"column":49}},"type":"default-arg","locations":[{"start":{"line":26,"column":35},"end":{"line":26,"column":49}}],"line":26},"6":{"loc":{"start":{"line":156,"column":8},"end":{"line":158,"column":9}},"type":"if","locations":[{"start":{"line":156,"column":8},"end":{"line":158,"column":9}},{"start":{"line":156,"column":8},"end":{"line":158,"column":9}}],"line":156},"7":{"loc":{"start":{"line":170,"column":8},"end":{"line":172,"column":9}},"type":"if","locations":[{"start":{"line":170,"column":8},"end":{"line":172,"column":9}},{"start":{"line":170,"column":8},"end":{"line":172,"column":9}}],"line":170},"8":{"loc":{"start":{"line":175,"column":8},"end":{"line":177,"column":9}},"type":"if","locations":[{"start":{"line":175,"column":8},"end":{"line":177,"column":9}},{"start":{"line":175,"column":8},"end":{"line":177,"column":9}}],"line":175},"9":{"loc":{"start":{"line":178,"column":8},"end":{"line":181,"column":9}},"type":"if","locations":[{"start":{"line":178,"column":8},"end":{"line":181,"column":9}},{"start":{"line":178,"column":8},"end":{"line":181,"column":9}}],"line":178},"10":{"loc":{"start":{"line":182,"column":8},"end":{"line":188,"column":9}},"type":"if","locations":[{"start":{"line":182,"column":8},"end":{"line":188,"column":9}},{"start":{"line":182,"column":8},"end":{"line":188,"column":9}}],"line":182},"11":{"loc":{"start":{"line":196,"column":16},"end":{"line":198,"column":17}},"type":"if","locations":[{"start":{"line":196,"column":16},"end":{"line":198,"column":17}},{"start":{"line":196,"column":16},"end":{"line":198,"column":17}}],"line":196},"12":{"loc":{"start":{"line":205,"column":20},"end":{"line":208,"column":21}},"type":"if","locations":[{"start":{"line":205,"column":20},"end":{"line":208,"column":21}},{"start":{"line":205,"column":20},"end":{"line":208,"column":21}}],"line":205},"13":{"loc":{"start":{"line":205,"column":24},"end":{"line":205,"column":140}},"type":"binary-expr","locations":[{"start":{"line":205,"column":24},"end":{"line":205,"column":88}},{"start":{"line":205,"column":92},"end":{"line":205,"column":140}}],"line":205},"14":{"loc":{"start":{"line":211,"column":20},"end":{"line":214,"column":21}},"type":"if","locations":[{"start":{"line":211,"column":20},"end":{"line":214,"column":21}},{"start":{"line":211,"column":20},"end":{"line":214,"column":21}}],"line":211},"15":{"loc":{"start":{"line":211,"column":24},"end":{"line":211,"column":163}},"type":"binary-expr","locations":[{"start":{"line":211,"column":24},"end":{"line":211,"column":82}},{"start":{"line":211,"column":86},"end":{"line":211,"column":117}},{"start":{"line":211,"column":121},"end":{"line":211,"column":163}}],"line":211},"16":{"loc":{"start":{"line":225,"column":8},"end":{"line":227,"column":9}},"type":"if","locations":[{"start":{"line":225,"column":8},"end":{"line":227,"column":9}},{"start":{"line":225,"column":8},"end":{"line":227,"column":9}}],"line":225},"17":{"loc":{"start":{"line":233,"column":8},"end":{"line":237,"column":9}},"type":"if","locations":[{"start":{"line":233,"column":8},"end":{"line":237,"column":9}},{"start":{"line":233,"column":8},"end":{"line":237,"column":9}}],"line":233},"18":{"loc":{"start":{"line":245,"column":8},"end":{"line":247,"column":9}},"type":"if","locations":[{"start":{"line":245,"column":8},"end":{"line":247,"column":9}},{"start":{"line":245,"column":8},"end":{"line":247,"column":9}}],"line":245},"19":{"loc":{"start":{"line":248,"column":8},"end":{"line":250,"column":9}},"type":"if","locations":[{"start":{"line":248,"column":8},"end":{"line":250,"column":9}},{"start":{"line":248,"column":8},"end":{"line":250,"column":9}}],"line":248}},"s":{"0":0,"1":0,"2":0,"3":0,"4":0,"5":0,"6":0,"7":0,"8":0,"9":0,"10":0,"11":0,"12":0,"13":0,"14":0,"15":0,"16":0,"17":0,"18":0,"19":0,"20":0,"21":0,"22":0,"23":0,"24":0,"25":0,"26":0,"27":0,"28":0,"29":0,"30":0,"31":0,"32":0,"33":0,"34":0,"35":0,"36":0,"37":0,"38":0,"39":0,"40":0,"41":0,"42":0,"43":0,"44":0,"45":0,"46":0,"47":0,"48":0,"49":0,"50":0,"51":0,"52":0,"53":0,"54":0,"55":0,"56":0,"57":0,"58":0,"59":0,"60":0,"61":0,"62":0,"63":0,"64":0,"65":0,"66":0,"67":0,"68":0,"69":0,"70":0,"71":0,"72":0,"73":0,"74":0,"75":0,"76":0,"77":0,"78":0,"79":0,"80":0,"81":0,"82":0,"83":0},"f":{"0":0,"1":0,"2":0,"3":0,"4":0,"5":0,"6":0,"7":0,"8":0,"9":0,"10":0,"11":0,"12":0,"13":0,"14":0,"15":0,"16":0,"17":0,"18":0,"19":0},"b":{"0":[0],"1":[0],"2":[0],"3":[0],"4":[0],"5":[0],"6":[0,0],"7":[0,0],"8":[0,0],"9":[0,0],"10":[0,0],"11":[0,0],"12":[0,0],"13":[0,0],"14":[0,0],"15":[0,0,0],"16":[0,0],"17":[0,0],"18":[0,0],"19":[0,0]}}
,"/home/algomorph/Workbench/CodeGrader/modules/us_english_dictionary.js": {"path":"/home/algomorph/Workbench/CodeGrader/modules/us_english_dictionary.js","statementMap":{"0":{"start":{"line":1,"column":24},"end":{"line":1,"column":700851}},"1":{"start":{"line":2,"column":0},"end":{"line":2,"column":58}}},"fnMap":{},"branchMap":{},"s":{"0":0,"1":0},"f":{},"b":{}}
}
